This is pdfTeX, Version 3.14159265-2.6-1.40.17 (TeX Live 2016) (preloaded format=pdflatex 2016.5.22)  16 AUG 2019 17:54
entering extended mode
 restricted \write18 enabled.
 %&-line parsing enabled.
**enigma_NEE.tex
(./enigma_NEE.tex
LaTeX2e <2016/03/31>
Babel <3.9r> and hyphenation patterns for 83 language(s) loaded.
(/usr/local/texlive/2016/texmf-dist/tex/latex/revtex/revtex4-1.cls
Document Class: revtex4-1 2010/07/25/20:33:00 4.1r (http://publish.aps.org/revt
ex4/ for documentation)
 Copyright (c) 2009 The American Physical Society.
 mailto:revtex@aps.org
 Licensed under the LPPL:
http://www.ctan.org/tex-archive/macros/latex/base/lppl.txt
 Arthur Ogawa <arthur_ogawa at sbcglobal dot net>
 Based on work by David Carlisle <david at dcarlisle.demon.co.uk>.
ltxutil[2010/07/25/20:33:00 4.1r utilities package (portions licensed from W. E
. Baxter web at superscript.com)]
LaTeX Info: Redefining \@centercr on input line 308.
Class revtex4-1 Info: Repairing broken LaTeX eqnarray on input line 358.
\eqncolsep=\skip41
Class revtex4-1 Info: Repairing hyperref-unfriendly LaTeX definition of \mpfoot
note on input line 433.
Class revtex4-1 Info: Repairing broken LateX \@sect on input line 755.
\intertabularlinepenalty=\count79
\@tbpen=\count80
\@arstrutbox@hline=\box26
Class revtex4-1 Info: Repairing broken LaTeX \@xbitor on input line 1786.
Class revtex4-1 Info: Making \typeout \long on input line 2046.
ltxfront[2010/07/25/20:33:00 4.1r frontmatter package (AO,DPC)]
\c@affil=\count81
\c@collab=\count82
\absbox=\box27
ltxgrid[2010/07/25/20:33:00 4.1r page grid package (portions licensed from W. E
. Baxter web at superscript.com)]
\c@linecount=\count83
\output@latex=\toks14
\box@size@1=\box28
\box@size@2=\box29
\@protection@box=\box30
\@topmark@saved=\toks15
\footins@saved=\box31
\footins@recovered=\box32
\column@recovered=\box33
\pagesofar=\box34
\footsofar=\box35
\pagegrid@col=\count84
Class revtex4-1 Info: Overriding \@vspace, \@vspacer, \@no@pgbk, \@newline, and
 \\  on input line 5578.
\c@part=\count85
\c@section=\count86
\c@subsection=\count87
\c@subsubsection=\count88
\c@paragraph=\count89
\c@subparagraph=\count90
\abovecaptionskip=\skip42
\belowcaptionskip=\skip43
\c@figure=\count91
\fbox@1=\box36
\c@table=\count92
\fbox@2=\box37
\c@video=\count93
\fbox@4=\box38
\@bibdataout=\write3
\widetext@top=\box39
\widetext@bot=\box40

Class revtex4-1 Warning: No Society specified, using default society aps.

(/usr/local/texlive/2016/texmf-dist/tex/latex/revtex/aps4-1.rtx
File: aps4-1 2010/07/25/20:33:00 4.1r (http://publish.aps.org/revtex4/ for docu
mentation)
Class revtex4-1 Info: RevTeX society APS selected on input line 31.
)

Class revtex4-1 Warning: No journal specified, using default pra.

Class revtex4-1 Info: APS journal PRA selected on input line 7545.

Class revtex4-1 Warning: No type size specified, using default 10.

(/usr/local/texlive/2016/texmf-dist/tex/latex/revtex/aps10pt4-1.rtx
File: aps10pt4-1 2010/07/25/20:33:00 4.1r (http://publish.aps.org/revtex4/ for 
documentation)
Class revtex4-1 Info: RevTeX pointsize 10pt selected on input line 30.
)
(/usr/local/texlive/2016/texmf-dist/tex/latex/textcase/textcase.sty
Package: textcase 2004/10/07 v0.07 Text only upper/lower case changing (DPC)
)
(/usr/local/texlive/2016/texmf-dist/tex/latex/amsfonts/amssymb.sty
Package: amssymb 2013/01/14 v3.01 AMS font symbols

(/usr/local/texlive/2016/texmf-dist/tex/latex/amsfonts/amsfonts.sty
Package: amsfonts 2013/01/14 v3.01 Basic AMSFonts support
\@emptytoks=\toks16
\symAMSa=\mathgroup4
\symAMSb=\mathgroup5
LaTeX Font Info:    Overwriting math alphabet `\mathfrak' in version `bold'
(Font)                  U/euf/m/n --> U/euf/b/n on input line 106.
))
(/usr/local/texlive/2016/texmf-dist/tex/latex/amsmath/amsmath.sty
Package: amsmath 2016/03/10 v2.15b AMS math features
\@mathmargin=\skip44

For additional information on amsmath, use the `?' option.
(/usr/local/texlive/2016/texmf-dist/tex/latex/amsmath/amstext.sty
Package: amstext 2000/06/29 v2.01 AMS text

(/usr/local/texlive/2016/texmf-dist/tex/latex/amsmath/amsgen.sty
File: amsgen.sty 1999/11/30 v2.0 generic functions
\@emptytoks=\toks17
\ex@=\dimen102
)
LaTeX Info: Redefining \text on input line 28.
)
(/usr/local/texlive/2016/texmf-dist/tex/latex/amsmath/amsbsy.sty
Package: amsbsy 1999/11/29 v1.2d Bold Symbols
\pmbraise@=\dimen103
)
(/usr/local/texlive/2016/texmf-dist/tex/latex/amsmath/amsopn.sty
Package: amsopn 2016/03/08 v2.02 operator names
)
\inf@bad=\count94
LaTeX Info: Redefining \frac on input line 199.
\uproot@=\count95
\leftroot@=\count96
LaTeX Info: Redefining \overline on input line 297.
\classnum@=\count97
\DOTSCASE@=\count98
LaTeX Info: Redefining \ldots on input line 394.
LaTeX Info: Redefining \dots on input line 397.
LaTeX Info: Redefining \cdots on input line 518.
\Mathstrutbox@=\box41
\strutbox@=\box42
\big@size=\dimen104
LaTeX Font Info:    Redeclaring font encoding OML on input line 634.
LaTeX Font Info:    Redeclaring font encoding OMS on input line 635.
\macc@depth=\count99
\c@MaxMatrixCols=\count100
\dotsspace@=\muskip10
\c@parentequation=\count101
\dspbrk@lvl=\count102
\tag@help=\toks18
\row@=\count103
\column@=\count104
\maxfields@=\count105
\andhelp@=\toks19
\eqnshift@=\dimen105
\alignsep@=\dimen106
\tagshift@=\dimen107
\tagwidth@=\dimen108
\totwidth@=\dimen109
\lineht@=\dimen110
\@envbody=\toks20
\multlinegap=\skip45
\multlinetaggap=\skip46
\mathdisplay@stack=\toks21
LaTeX Info: Redefining \[ on input line 2739.
LaTeX Info: Redefining \] on input line 2740.
)
(/usr/local/texlive/2016/texmf-dist/tex/latex/url/url.sty
\Urlmuskip=\muskip11
Package: url 2013/09/16  ver 3.4  Verb mode for urls, etc.
)
(/usr/local/texlive/2016/texmf-dist/tex/latex/natbib/natbib.sty
Package: natbib 2010/09/13 8.31b (PWD, AO)
\bibhang=\skip47
\bibsep=\skip48
LaTeX Info: Redefining \cite on input line 694.
\c@NAT@ctr=\count106
)
Class revtex4-1 Info: Repairing natbib's \BibitemShut on input line 7549.

(/usr/local/texlive/2016/texmf-dist/tex/latex/revtex/revsymb4-1.sty
Package: revsymb4-1 2010/07/25/20:33:00 4.1r (http://publish.aps.org/revtex4/ f
or documentation)
LaTeX Info: Redefining \frak on input line 95.
LaTeX Info: Redefining \Bbb on input line 111.
LaTeX Info: Redefining \REV@mathfrak on input line 119.
))
(/usr/local/texlive/2016/texmf-dist/tex/latex/graphics/color.sty
Package: color 2016/05/09 v1.1c Standard LaTeX Color (DPC)

(/usr/local/texlive/2016/texmf-dist/tex/latex/graphics-cfg/color.cfg
File: color.cfg 2016/01/02 v1.6 sample color configuration
)
Package color Info: Driver file: pdftex.def on input line 144.

(/usr/local/texlive/2016/texmf-dist/tex/latex/pdftex-def/pdftex.def
File: pdftex.def 2011/05/27 v0.06d Graphics/color for pdfTeX

(/usr/local/texlive/2016/texmf-dist/tex/generic/oberdiek/infwarerr.sty
Package: infwarerr 2016/05/16 v1.4 Providing info/warning/error messages (HO)
)
(/usr/local/texlive/2016/texmf-dist/tex/generic/oberdiek/ltxcmds.sty
Package: ltxcmds 2016/05/16 v1.23 LaTeX kernel commands for general use (HO)
)
\Gread@gobject=\count107
))
(/usr/local/texlive/2016/texmf-dist/tex/generic/babel/babel.sty
Package: babel 2016/04/23 3.9r The Babel package

(/usr/local/texlive/2016/texmf-dist/tex/generic/babel-english/english.ldf
Language: english 2012/08/20 v3.3p English support from the babel system

(/usr/local/texlive/2016/texmf-dist/tex/generic/babel/babel.def
File: babel.def 2016/04/23 3.9r Babel common definitions
\babel@savecnt=\count108
\U@D=\dimen111
)
\l@canadian = a dialect from \language\l@american 
\l@australian = a dialect from \language\l@british 
\l@newzealand = a dialect from \language\l@british 
))
(/usr/local/texlive/2016/texmf-dist/tex/latex/base/fontenc.sty
Package: fontenc 2005/09/27 v1.99g Standard LaTeX package

(/usr/local/texlive/2016/texmf-dist/tex/latex/base/t1enc.def
File: t1enc.def 2005/09/27 v1.99g Standard LaTeX file
LaTeX Font Info:    Redeclaring font encoding T1 on input line 48.
))
(/usr/local/texlive/2016/texmf-dist/tex/latex/float/float.sty
Package: float 2001/11/08 v1.3d Float enhancements (AL)
\c@float@type=\count109
\float@exts=\toks22
\float@box=\box43
\@float@everytoks=\toks23
\@floatcapt=\box44
)
(/usr/local/texlive/2016/texmf-dist/tex/latex/tools/verbatim.sty
Package: verbatim 2014/10/28 v1.5q LaTeX2e package for verbatim enhancements
\every@verbatim=\toks24
\verbatim@line=\toks25
\verbatim@in@stream=\read1
)
(/usr/local/texlive/2016/texmf-dist/tex/latex/graphics/graphicx.sty
Package: graphicx 2014/10/28 v1.0g Enhanced LaTeX Graphics (DPC,SPQR)

(/usr/local/texlive/2016/texmf-dist/tex/latex/graphics/keyval.sty
Package: keyval 2014/10/28 v1.15 key=value parser (DPC)
\KV@toks@=\toks26
)
(/usr/local/texlive/2016/texmf-dist/tex/latex/graphics/graphics.sty
Package: graphics 2016/05/09 v1.0r Standard LaTeX Graphics (DPC,SPQR)

(/usr/local/texlive/2016/texmf-dist/tex/latex/graphics/trig.sty
Package: trig 2016/01/03 v1.10 sin cos tan (DPC)
)
(/usr/local/texlive/2016/texmf-dist/tex/latex/graphics-cfg/graphics.cfg
File: graphics.cfg 2016/01/02 v1.10 sample graphics configuration
)
Package graphics Info: Driver file: pdftex.def on input line 96.
)
\Gin@req@height=\dimen112
\Gin@req@width=\dimen113
)
(/usr/local/texlive/2016/texmf-dist/tex/latex/tools/bm.sty
Package: bm 2016/02/27 v1.2a Bold Symbol Support (DPC/FMi)
\symboldoperators=\mathgroup6
\symboldletters=\mathgroup7
\symboldsymbols=\mathgroup8
LaTeX Font Info:    Redeclaring math alphabet \mathbf on input line 142.
LaTeX Info: Redefining \bm on input line 208.
)
(/usr/local/texlive/2016/texmf-dist/tex/latex/mathtools/mathtools.sty
Package: mathtools 2015/11/12 v1.18 mathematical typesetting tools

(/usr/local/texlive/2016/texmf-dist/tex/latex/tools/calc.sty
Package: calc 2014/10/28 v4.3 Infix arithmetic (KKT,FJ)
\calc@Acount=\count110
\calc@Bcount=\count111
\calc@Adimen=\dimen114
\calc@Bdimen=\dimen115
\calc@Askip=\skip49
\calc@Bskip=\skip50
LaTeX Info: Redefining \setlength on input line 80.
LaTeX Info: Redefining \addtolength on input line 81.
\calc@Ccount=\count112
\calc@Cskip=\skip51
)
(/usr/local/texlive/2016/texmf-dist/tex/latex/mathtools/mhsetup.sty
Package: mhsetup 2010/01/21 v1.2a programming setup (MH)
)
LaTeX Info: Thecontrolsequence`\('isalreadyrobust on input line 129.
LaTeX Info: Thecontrolsequence`\)'isalreadyrobust on input line 129.
LaTeX Info: Thecontrolsequence`\['isalreadyrobust on input line 129.
LaTeX Info: Thecontrolsequence`\]'isalreadyrobust on input line 129.
\g_MT_multlinerow_int=\count113
\l_MT_multwidth_dim=\dimen116
\origjot=\skip52
\l_MT_shortvdotswithinadjustabove_dim=\dimen117
\l_MT_shortvdotswithinadjustbelow_dim=\dimen118
\l_MT_above_intertext_sep=\dimen119
\l_MT_below_intertext_sep=\dimen120
\l_MT_above_shortintertext_sep=\dimen121
\l_MT_below_shortintertext_sep=\dimen122
)
(/usr/local/texlive/2016/texmf-dist/tex/latex/stmaryrd/stmaryrd.sty
Package: stmaryrd 1994/03/03 St Mary's Road symbol package
\symstmry=\mathgroup9
LaTeX Font Info:    Overwriting symbol font `stmry' in version `bold'
(Font)                  U/stmry/m/n --> U/stmry/b/n on input line 89.
)
(/usr/local/texlive/2016/texmf-dist/tex/latex/anyfontsize/anyfontsize.sty
Package: anyfontsize 2007/11/22 anyfontsize.sty by pts
)
(/usr/local/texlive/2016/texmf-dist/tex/latex/changepage/changepage.sty
Package: changepage 2009/10/20 v1.0c check page and change page layout
\c@cp@cntr=\count114
\cp@tempcnt=\count115
)

! LaTeX Error: Option clash for package natbib.

See the LaTeX manual or LaTeX Companion for explanation.
Type  H <return>  for immediate help.
 ...                                              
                                                  
l.33 \bibpunct
              {}{}{,}{s}{}{;}
? 
Class revtex4-1 Info: Patching LaTeX tabular. on input line 78.

Class revtex4-1 Warning: Repair the float package.

Class revtex4-1 Info: Robustifying \LaTeX's \boldmath command on input line 78.

Class revtex4-1 Info: cite was not loaded (OK!) on input line 78.
Class revtex4-1 Info: mcite was not loaded (OK!) on input line 78.
Class revtex4-1 Info: multicol was not loaded (OK!) on input line 78.
(./enigma_NEE.aux)
\openout1 = `enigma_NEE.aux'.

LaTeX Font Info:    Checking defaults for OML/cmm/m/it on input line 78.
LaTeX Font Info:    ... okay on input line 78.
LaTeX Font Info:    Checking defaults for T1/cmr/m/n on input line 78.
LaTeX Font Info:    ... okay on input line 78.
LaTeX Font Info:    Checking defaults for OT1/cmr/m/n on input line 78.
LaTeX Font Info:    ... okay on input line 78.
LaTeX Font Info:    Checking defaults for OMS/cmsy/m/n on input line 78.
LaTeX Font Info:    ... okay on input line 78.
LaTeX Font Info:    Checking defaults for OMX/cmex/m/n on input line 78.
LaTeX Font Info:    ... okay on input line 78.
LaTeX Font Info:    Checking defaults for U/cmr/m/n on input line 78.
LaTeX Font Info:    ... okay on input line 78.

(/usr/local/texlive/2016/texmf-dist/tex/context/base/mkii/supp-pdf.mkii
[Loading MPS to PDF converter (version 2006.09.02).]
\scratchcounter=\count116
\scratchdimen=\dimen123
\scratchbox=\box45
\nofMPsegments=\count117
\nofMParguments=\count118
\everyMPshowfont=\toks27
\MPscratchCnt=\count119
\MPscratchDim=\dimen124
\MPnumerator=\count120
\makeMPintoPDFobject=\count121
\everyMPtoPDFconversion=\toks28
) (/usr/local/texlive/2016/texmf-dist/tex/generic/oberdiek/pdftexcmds.sty
Package: pdftexcmds 2016/05/10 v0.21 Utility functions of pdfTeX for LuaTeX (HO
)

(/usr/local/texlive/2016/texmf-dist/tex/generic/oberdiek/ifluatex.sty
Package: ifluatex 2016/05/16 v1.4 Provides the ifluatex switch (HO)
Package ifluatex Info: LuaTeX not detected.
)
(/usr/local/texlive/2016/texmf-dist/tex/generic/oberdiek/ifpdf.sty
Package: ifpdf 2016/05/14 v3.1 Provides the ifpdf switch
)
Package pdftexcmds Info: LuaTeX not detected.
Package pdftexcmds Info: \pdf@primitive is available.
Package pdftexcmds Info: \pdf@ifprimitive is available.
Package pdftexcmds Info: \pdfdraftmode found.
)
(/usr/local/texlive/2016/texmf-dist/tex/latex/oberdiek/epstopdf-base.sty
Package: epstopdf-base 2016/05/15 v2.6 Base part for package epstopdf

(/usr/local/texlive/2016/texmf-dist/tex/latex/oberdiek/grfext.sty
Package: grfext 2016/05/16 v1.2 Manage graphics extensions (HO)

(/usr/local/texlive/2016/texmf-dist/tex/generic/oberdiek/kvdefinekeys.sty
Package: kvdefinekeys 2016/05/16 v1.4 Define keys (HO)
))
(/usr/local/texlive/2016/texmf-dist/tex/latex/oberdiek/kvoptions.sty
Package: kvoptions 2016/05/16 v3.12 Key value format for package options (HO)

(/usr/local/texlive/2016/texmf-dist/tex/generic/oberdiek/kvsetkeys.sty
Package: kvsetkeys 2016/05/16 v1.17 Key value parser (HO)

(/usr/local/texlive/2016/texmf-dist/tex/generic/oberdiek/etexcmds.sty
Package: etexcmds 2016/05/16 v1.6 Avoid name clashes with e-TeX commands (HO)
Package etexcmds Info: Could not find \expanded.
(etexcmds)             That can mean that you are not using pdfTeX 1.50 or
(etexcmds)             that some package has redefined \expanded.
(etexcmds)             In the latter case, load this package earlier.
)))
Package grfext Info: Graphics extension search list:
(grfext)             [.png,.pdf,.jpg,.mps,.jpeg,.jbig2,.jb2,.PNG,.PDF,.JPG,.JPE
G,.JBIG2,.JB2,.eps]
(grfext)             \AppendGraphicsExtensions on input line 456.

(/usr/local/texlive/2016/texmf-dist/tex/latex/latexconfig/epstopdf-sys.cfg
File: epstopdf-sys.cfg 2010/07/13 v1.3 Configuration of (r)epstopdf for TeX Liv
e
))
\openout3 = `enigma_NEENotes.bib'.


(/usr/local/texlive/2016/texmf-dist/tex/latex/lineno/lineno.sty
Package: lineno 2005/11/02 line numbers on paragraphs v4.41
\linenopenalty=\count122
\output=\toks29
\linenoprevgraf=\count123
\linenumbersep=\dimen125
\linenumberwidth=\dimen126
\c@linenumber=\count124
\c@pagewiselinenumber=\count125
\c@LN@truepage=\count126
\c@internallinenumber=\count127
\c@internallinenumbers=\count128
\quotelinenumbersep=\dimen127
\bframerule=\dimen128
\bframesep=\dimen129
\bframebox=\box46
LaTeX Info: Redefining \\ on input line 3056.
)
LaTeX Font Info:    Try loading font information for T1+cmss on input line 107.


(/usr/local/texlive/2016/texmf-dist/tex/latex/base/t1cmss.fd
File: t1cmss.fd 2014/09/29 v2.5h Standard LaTeX font definitions
)
LaTeX Font Info:    Try loading font information for U+msa on input line 107.

(/usr/local/texlive/2016/texmf-dist/tex/latex/amsfonts/umsa.fd
File: umsa.fd 2013/01/14 v3.01 AMS symbols A
)
LaTeX Font Info:    Try loading font information for U+msb on input line 107.

(/usr/local/texlive/2016/texmf-dist/tex/latex/amsfonts/umsb.fd
File: umsb.fd 2013/01/14 v3.01 AMS symbols B
)
LaTeX Font Info:    Try loading font information for U+stmry on input line 107.


(/usr/local/texlive/2016/texmf-dist/tex/latex/stmaryrd/Ustmry.fd) [1{/usr/local
/texlive/2016/texmf-var/fonts/map/pdftex/updmap/pdftex.map}]
Underfull \hbox (badness 1112) in paragraph at lines 195--208
\T1/cmr/m/n/10 mul-ti-type in-ter-ac-tions and ecosys-tem en-gi-neer-ing in
 []


Underfull \hbox (badness 10000) in paragraph at lines 195--208

 []

<fig_model.png, id=13, 360.6273pt x 331.86385pt>
File: fig_model.png Graphic file (type png)
 <use fig_model.png>
Package pdftex.def Info: fig_model.png used on input line 258.
(pdftex.def)             Requested size: 255.0pt x 234.65778pt.

Overfull \hbox (9.0pt too wide) in paragraph at lines 258--260
 [][] 
 []

[2 <./fig_model.png>]
Underfull \hbox (badness 10000) in paragraph at lines 318--322

 []

<fig_trophic2.pdf, id=26, 433.62pt x 361.35pt>
File: fig_trophic2.pdf Graphic file (type pdf)
 <use fig_trophic2.pdf>
Package pdftex.def Info: fig_trophic2.pdf used on input line 352.
(pdftex.def)             Requested size: 255.0pt x 212.49992pt.

Overfull \hbox (9.0pt too wide) in paragraph at lines 352--354
 [][] 
 []

[3 <./fig_trophic2.pdf>] <fig_nested.png, id=47, 289.08pt x 295.87338pt>
File: fig_nested.png Graphic file (type png)

<use fig_nested.png>
Package pdftex.def Info: fig_nested.png used on input line 408.
(pdftex.def)             Requested size: 255.0pt x 260.9924pt.

Overfull \hbox (9.0pt too wide) in paragraph at lines 408--410
 [][] 
 []


LaTeX Warning: `!h' float specifier changed to `!ht'.


Underfull \hbox (badness 1383) in paragraph at lines 425--432
\T1/cmr/m/n/10 been recognized$[]$. While the in-clu-sion of
 []


Underfull \hbox (badness 1424) in paragraph at lines 425--432
\T1/cmr/m/n/10 non-obligate mu-tu-al-ists will lower the like-li-hood of
 []


Underfull \hbox (badness 10000) in paragraph at lines 425--432

 []

[4 <./fig_nested.png>] <fig_engineers4.pdf, id=52, 578.16pt x 433.62pt>
File: fig_engineers4.pdf Graphic file (type pdf)

<use fig_engineers4.pdf>
Package pdftex.def Info: fig_engineers4.pdf used on input line 516.
(pdftex.def)             Requested size: 255.0pt x 191.24992pt.

Overfull \hbox (9.0pt too wide) in paragraph at lines 516--518
 [][] 
 []

[5 <./fig_engineers4.pdf>]
Underfull \hbox (badness 1158) in paragraph at lines 587--591
[]\T1/cmr/m/n/10 Together, the re-sults of our model point to the
 []


Underfull \hbox (badness 1122) in paragraph at lines 587--591
\T1/cmr/m/n/10 As past ecosys-tems have fun-da-men-tally al-tered the
 []


Underfull \hbox (badness 10000) in paragraph at lines 587--591

 []


Underfull \hbox (badness 10000) in paragraph at lines 764--772

 []


Underfull \hbox (badness 10000) in paragraph at lines 764--772

 []

[6] (./enigma_NEE.bbl
LaTeX Font Info:    Try loading font information for T1+cmtt on input line 29.

(/usr/local/texlive/2016/texmf-dist/tex/latex/base/t1cmtt.fd
File: t1cmtt.fd 2014/09/29 v2.5h Standard LaTeX font definitions
)
Underfull \hbox (badness 3108) in paragraph at lines 24--30
 []\T1/cmr/m/n/9 Pascual, M. & Dunne, J.  \T1/cmr/m/it/9 Eco-log-i-cal Net-work
s:
 []


Underfull \hbox (badness 1178) in paragraph at lines 24--30
 \T1/cmr/m/it/9 Link-ing Struc-ture to Dy-nam-ics in Food Webs \T1/cmr/m/n/9 (O
x-
 []


Underfull \hbox (badness 1895) in paragraph at lines 24--30
 \T1/cmr/m/n/9 ford Uni-ver-sity Press, Ox-ford, UK, 2006).  URL
 []


Underfull \hbox (badness 10000) in paragraph at lines 24--30
 \T1/cmtt/m/n/9 http : / / www . google . com / search ? client = safari & rls 
=
 []


Underfull \hbox (badness 10000) in paragraph at lines 160--166
 []\T1/cmr/m/n/9 Moore, J. W.  An-i-mal Ecosys-tem En-gi-neers
 []


Underfull \hbox (badness 10000) in paragraph at lines 160--166
 \T1/cmr/m/n/9 in Streams.  \T1/cmr/m/it/9 Bio-Science \T1/cmr/bx/n/9 56\T1/cmr
/m/n/9 , 237--246 (2006).
 []


Underfull \hbox (badness 10000) in paragraph at lines 160--166
 \T1/cmr/m/n/9 arXiv:http://oup.prod.sis.lan/bioscience/article-
 []


Underfull \hbox (badness 4193) in paragraph at lines 190--198
 []\T1/cmr/m/n/9 Schirrmeister, B. E., de Vos, J. M., An-tonelli,
 []


Underfull \hbox (badness 5446) in paragraph at lines 190--198
 \T1/cmr/m/n/9 A. & Bagheri, H. C.  Evo-lu-tion of mul-ti-cel-
 []


Underfull \hbox (badness 10000) in paragraph at lines 190--198
 \T1/cmr/m/n/9 lu-lar-ity co-in-cided with in-creased di-ver-si-fi-ca-tion
 []


Underfull \hbox (badness 6110) in paragraph at lines 190--198
 \T1/cmr/m/n/9 of cyanobac-te-ria and the great ox-i-da-tion event.
 []


Underfull \hbox (badness 2384) in paragraph at lines 190--198
 \T1/cmr/m/it/9 Proc Natl Acad Sci USA \T1/cmr/bx/n/9 110\T1/cmr/m/n/9 , 1791--
1796 (2013).
 []


Overfull \hbox (6.29399pt too wide) in paragraph at lines 190--198
 \T1/cmr/m/n/9 arXiv:https://www.pnas.org/content/110/5/1791.full.pdf. 
 []


Underfull \hbox (badness 1888) in paragraph at lines 278--284
 []\T1/cmr/m/n/9 Williams, R. & Mar-tinez, N.  Lim-its to trophic
 []


Underfull \hbox (badness 1616) in paragraph at lines 278--284
 \T1/cmr/m/n/9 lev-els and om-nivory in com-plex food webs: The-
 []


Underfull \hbox (badness 3780) in paragraph at lines 278--284
 \T1/cmr/m/n/9 ory and data.  \T1/cmr/m/it/9 Am Nat \T1/cmr/bx/n/9 163\T1/cmr/m
/n/9 , 458--468 (2004).
 []

[7])
Underfull \hbox (badness 10000) in paragraph at lines 1129--1148

 []


Underfull \hbox (badness 10000) in paragraph at lines 1129--1148

 []

[8]
Underfull \hbox (badness 10000) in paragraph at lines 1149--1157

 []

[9] [10] <fig_conn.pdf, id=92, 722.7pt x 361.35pt>
File: fig_conn.pdf Graphic file (type pdf)
 <use fig_conn.pdf>
Package pdftex.def Info: fig_conn.pdf used on input line 1285.
(pdftex.def)             Requested size: 408.00156pt x 204.00323pt.


Class revtex4-1 Warning: Float cannot be placed.

<fig_errorscatter.pdf, id=93, 722.7pt x 722.7pt>
File: fig_errorscatter.pdf Graphic file (type pdf)
 <use fig_errorscatter.pdf>
Package pdftex.def Info: fig_errorscatter.pdf used on input line 1298.
(pdftex.def)             Requested size: 408.00156pt x 408.00645pt.


Class revtex4-1 Warning: Float cannot be placed.

<fig_error.pdf, id=94, 216.81pt x 867.24pt>
File: fig_error.pdf Graphic file (type pdf)
 <use fig_error.pdf>
Package pdftex.def Info: fig_error.pdf used on input line 1309.
(pdftex.def)             Requested size: 153.00156pt x 612.03949pt.


Class revtex4-1 Warning: Float cannot be placed.

<fig_specialization.pdf, id=95, 433.62pt x 361.35pt>
File: fig_specialization.pdf Graphic file (type pdf)

<use fig_specialization.pdf>
Package pdftex.def Info: fig_specialization.pdf used on input line 1320.
(pdftex.def)             Requested size: 408.00156pt x 340.01642pt.


Class revtex4-1 Warning: Float cannot be placed.

<fig_redundancy.pdf, id=96, 578.16pt x 578.16pt>
File: fig_redundancy.pdf Graphic file (type pdf)
 <use fig_redundancy.pdf>
Package pdftex.def Info: fig_redundancy.pdf used on input line 1336.
(pdftex.def)             Requested size: 408.00156pt x 407.99985pt.


Class revtex4-1 Warning: Float cannot be placed.

<fig_engineers4_unique.pdf, id=97, 578.16pt x 433.62pt>
File: fig_engineers4_unique.pdf Graphic file (type pdf)

<use fig_engineers4_unique.pdf>
Package pdftex.def Info: fig_engineers4_unique.pdf used on input line 1348.
(pdftex.def)             Requested size: 408.00156pt x 305.99988pt.


Class revtex4-1 Warning: Float cannot be placed.

<fig_steadystates2.pdf, id=98, 578.16pt x 505.89pt>
File: fig_steadystates2.pdf Graphic file (type pdf)

<use fig_steadystates2.pdf>
Package pdftex.def Info: fig_steadystates2.pdf used on input line 1363.
(pdftex.def)             Requested size: 408.00156pt x 356.99985pt.


Class revtex4-1 Warning: Float cannot be placed.

[11] [12 <./fig_conn.pdf>] [13 <./fig_errorscatter.pdf>] [14 <./fig_error.pdf>]
[15 <./fig_specialization.pdf>] [16 <./fig_redundancy.pdf>] [17 <./fig_engineer
s4_unique.pdf>] [18 <./fig_steadystates2.pdf>] (./enigma_NEE.aux) ) 
Here is how much of TeX's memory you used:
 6566 strings out of 493014
 90758 string characters out of 6133351
 192599 words of memory out of 5000000
 9939 multiletter control sequences out of 15000+600000
 28341 words of font info for 80 fonts, out of 8000000 for 9000
 1141 hyphenation exceptions out of 8191
 38i,7n,32p,1356b,572s stack positions out of 5000i,500n,10000p,200000b,80000s
{/usr/local/
texlive/2016/texmf-dist/fonts/enc/dvips/cm-super/cm-super-t1.enc}</usr/local/te
xlive/2016/texmf-dist/fonts/type1/public/amsfonts/cmextra/cmex8.pfb></usr/local
/texlive/2016/texmf-dist/fonts/type1/public/amsfonts/cmextra/cmex9.pfb></usr/lo
cal/texlive/2016/texmf-dist/fonts/type1/public/amsfonts/cm/cmmi10.pfb></usr/loc
al/texlive/2016/texmf-dist/fonts/type1/public/amsfonts/cm/cmmi6.pfb></usr/local
/texlive/2016/texmf-dist/fonts/type1/public/amsfonts/cm/cmmi7.pfb></usr/local/t
exlive/2016/texmf-dist/fonts/type1/public/amsfonts/cm/cmmi8.pfb></usr/local/tex
live/2016/texmf-dist/fonts/type1/public/amsfonts/cm/cmmi9.pfb></usr/local/texli
ve/2016/texmf-dist/fonts/type1/public/amsfonts/cmextra/cmmib6.pfb></usr/local/t
exlive/2016/texmf-dist/fonts/type1/public/amsfonts/cmextra/cmmib8.pfb></usr/loc
al/texlive/2016/texmf-dist/fonts/type1/public/amsfonts/cm/cmr10.pfb></usr/local
/texlive/2016/texmf-dist/fonts/type1/public/amsfonts/cm/cmr6.pfb></usr/local/te
xlive/2016/texmf-dist/fonts/type1/public/amsfonts/cm/cmr7.pfb></usr/local/texli
ve/2016/texmf-dist/fonts/type1/public/amsfonts/cm/cmr8.pfb></usr/local/texlive/
2016/texmf-dist/fonts/type1/public/amsfonts/cm/cmr9.pfb></usr/local/texlive/201
6/texmf-dist/fonts/type1/public/amsfonts/cm/cmsy10.pfb></usr/local/texlive/2016
/texmf-dist/fonts/type1/public/amsfonts/cm/cmsy6.pfb></usr/local/texlive/2016/t
exmf-dist/fonts/type1/public/amsfonts/cm/cmsy7.pfb></usr/local/texlive/2016/tex
mf-dist/fonts/type1/public/amsfonts/cm/cmsy8.pfb></usr/local/texlive/2016/texmf
-dist/fonts/type1/public/amsfonts/cm/cmsy9.pfb></usr/local/texlive/2016/texmf-d
ist/fonts/type1/public/amsfonts/symbols/msbm7.pfb></usr/local/texlive/2016/texm
f-dist/fonts/type1/public/cm-super/sfbx0800.pfb></usr/local/texlive/2016/texmf-
dist/fonts/type1/public/cm-super/sfbx0900.pfb></usr/local/texlive/2016/texmf-di
st/fonts/type1/public/cm-super/sfbx1000.pfb></usr/local/texlive/2016/texmf-dist
/fonts/type1/public/cm-super/sfbx1200.pfb></usr/local/texlive/2016/texmf-dist/f
onts/type1/public/cm-super/sfrm0600.pfb></usr/local/texlive/2016/texmf-dist/fon
ts/type1/public/cm-super/sfrm0700.pfb></usr/local/texlive/2016/texmf-dist/fonts
/type1/public/cm-super/sfrm0800.pfb></usr/local/texlive/2016/texmf-dist/fonts/t
ype1/public/cm-super/sfrm0900.pfb></usr/local/texlive/2016/texmf-dist/fonts/typ
e1/public/cm-super/sfrm1000.pfb></usr/local/texlive/2016/texmf-dist/fonts/type1
/public/cm-super/sfss0500.pfb></usr/local/texlive/2016/texmf-dist/fonts/type1/p
ublic/cm-super/sfti0800.pfb></usr/local/texlive/2016/texmf-dist/fonts/type1/pub
lic/cm-super/sfti0900.pfb></usr/local/texlive/2016/texmf-dist/fonts/type1/publi
c/cm-super/sfti1000.pfb></usr/local/texlive/2016/texmf-dist/fonts/type1/public/
cm-super/sftt0900.pfb>
Output written on enigma_NEE.pdf (18 pages, 6267143 bytes).
PDF statistics:
 278 PDF objects out of 1000 (max. 8388607)
 200 compressed objects within 2 object streams
 0 named destinations out of 1000 (max. 500000)
 56 words of extra memory for PDF output out of 10000 (max. 10000000)

