This is pdfTeX, Version 3.14159265-2.6-1.40.18 (TeX Live 2017/Debian) (preloaded format=pdflatex 2019.2.5)  25 FEB 2020 10:52
entering extended mode
 restricted \write18 enabled.
 %&-line parsing enabled.
**enigma_rev3_lp.tex
(./enigma_rev3_lp.tex
LaTeX2e <2017-04-15>
Babel <3.18> and hyphenation patterns for 84 language(s) loaded.
(/usr/share/texlive/texmf-dist/tex/latex/revtex/revtex4-1.cls
Document Class: revtex4-1 2010/07/25/20:33:00 4.1r (http://publish.aps.org/revt
ex4/ for documentation)
 Copyright (c) 2009 The American Physical Society.
 mailto:revtex@aps.org
 Licensed under the LPPL:
http://www.ctan.org/tex-archive/macros/latex/base/lppl.txt
 Arthur Ogawa <arthur_ogawa at sbcglobal dot net>
 Based on work by David Carlisle <david at dcarlisle.demon.co.uk>.
ltxutil[2010/07/25/20:33:00 4.1r utilities package (portions licensed from W. E
. Baxter web at superscript.com)]
LaTeX Info: Redefining \@centercr on input line 308.
Class revtex4-1 Info: Repairing broken LaTeX eqnarray on input line 358.
\eqncolsep=\skip41
Class revtex4-1 Info: Repairing hyperref-unfriendly LaTeX definition of \mpfoot
note on input line 433.
Class revtex4-1 Info: Repairing broken LateX \@sect on input line 755.
\intertabularlinepenalty=\count79
\@tbpen=\count80
\@arstrutbox@hline=\box26
Class revtex4-1 Info: Repairing broken LaTeX \@xbitor on input line 1786.
Class revtex4-1 Info: Making \typeout \long on input line 2046.
ltxfront[2010/07/25/20:33:00 4.1r frontmatter package (AO,DPC)]
\c@affil=\count81
\c@collab=\count82
\absbox=\box27
ltxgrid[2010/07/25/20:33:00 4.1r page grid package (portions licensed from W. E
. Baxter web at superscript.com)]
\c@linecount=\count83
\output@latex=\toks14
\box@size@1=\box28
\box@size@2=\box29
\@protection@box=\box30
\@topmark@saved=\toks15
\footins@saved=\box31
\footins@recovered=\box32
\column@recovered=\box33
\pagesofar=\box34
\footsofar=\box35
\pagegrid@col=\count84
Class revtex4-1 Info: Overriding \@vspace, \@vspacer, \@no@pgbk, \@newline, and
 \\  on input line 5578.
\c@part=\count85
\c@section=\count86
\c@subsection=\count87
\c@subsubsection=\count88
\c@paragraph=\count89
\c@subparagraph=\count90
\abovecaptionskip=\skip42
\belowcaptionskip=\skip43
\c@figure=\count91
\fbox@1=\box36
\c@table=\count92
\fbox@2=\box37
\c@video=\count93
\fbox@4=\box38
\@bibdataout=\write3
\widetext@top=\box39
\widetext@bot=\box40

Class revtex4-1 Warning: No Society specified, using default society aps.

(/usr/share/texlive/texmf-dist/tex/latex/revtex/aps4-1.rtx
File: aps4-1 2010/07/25/20:33:00 4.1r (http://publish.aps.org/revtex4/ for docu
mentation)
Class revtex4-1 Info: RevTeX society APS selected on input line 31.
)

Class revtex4-1 Warning: No journal specified, using default pra.

Class revtex4-1 Info: APS journal PRA selected on input line 7545.

Class revtex4-1 Warning: No type size specified, using default 10.

(/usr/share/texlive/texmf-dist/tex/latex/revtex/aps10pt4-1.rtx
File: aps10pt4-1 2010/07/25/20:33:00 4.1r (http://publish.aps.org/revtex4/ for 
documentation)
Class revtex4-1 Info: RevTeX pointsize 10pt selected on input line 30.
)
(/usr/share/texlive/texmf-dist/tex/latex/textcase/textcase.sty
Package: textcase 2004/10/07 v0.07 Text only upper/lower case changing (DPC)
)
(/usr/share/texlive/texmf-dist/tex/latex/amsfonts/amssymb.sty
Package: amssymb 2013/01/14 v3.01 AMS font symbols

(/usr/share/texlive/texmf-dist/tex/latex/amsfonts/amsfonts.sty
Package: amsfonts 2013/01/14 v3.01 Basic AMSFonts support
\@emptytoks=\toks16
\symAMSa=\mathgroup4
\symAMSb=\mathgroup5
LaTeX Font Info:    Overwriting math alphabet `\mathfrak' in version `bold'
(Font)                  U/euf/m/n --> U/euf/b/n on input line 106.
))
(/usr/share/texlive/texmf-dist/tex/latex/amsmath/amsmath.sty
Package: amsmath 2017/09/02 v2.17a AMS math features
\@mathmargin=\skip44

For additional information on amsmath, use the `?' option.
(/usr/share/texlive/texmf-dist/tex/latex/amsmath/amstext.sty
Package: amstext 2000/06/29 v2.01 AMS text

(/usr/share/texlive/texmf-dist/tex/latex/amsmath/amsgen.sty
File: amsgen.sty 1999/11/30 v2.0 generic functions
\@emptytoks=\toks17
\ex@=\dimen102
)
LaTeX Info: Redefining \text on input line 28.
)
(/usr/share/texlive/texmf-dist/tex/latex/amsmath/amsbsy.sty
Package: amsbsy 1999/11/29 v1.2d Bold Symbols
\pmbraise@=\dimen103
)
(/usr/share/texlive/texmf-dist/tex/latex/amsmath/amsopn.sty
Package: amsopn 2016/03/08 v2.02 operator names
)
\inf@bad=\count94
LaTeX Info: Redefining \frac on input line 213.
\uproot@=\count95
\leftroot@=\count96
LaTeX Info: Redefining \overline on input line 375.
\classnum@=\count97
\DOTSCASE@=\count98
LaTeX Info: Redefining \ldots on input line 472.
LaTeX Info: Redefining \dots on input line 475.
LaTeX Info: Redefining \cdots on input line 596.
\Mathstrutbox@=\box41
\strutbox@=\box42
\big@size=\dimen104
LaTeX Font Info:    Redeclaring font encoding OML on input line 712.
LaTeX Font Info:    Redeclaring font encoding OMS on input line 713.
\macc@depth=\count99
\c@MaxMatrixCols=\count100
\dotsspace@=\muskip10
\c@parentequation=\count101
\dspbrk@lvl=\count102
\tag@help=\toks18
\row@=\count103
\column@=\count104
\maxfields@=\count105
\andhelp@=\toks19
\eqnshift@=\dimen105
\alignsep@=\dimen106
\tagshift@=\dimen107
\tagwidth@=\dimen108
\totwidth@=\dimen109
\lineht@=\dimen110
\@envbody=\toks20
\multlinegap=\skip45
\multlinetaggap=\skip46
\mathdisplay@stack=\toks21
LaTeX Info: Redefining \[ on input line 2817.
LaTeX Info: Redefining \] on input line 2818.
)
(/usr/share/texlive/texmf-dist/tex/latex/url/url.sty
\Urlmuskip=\muskip11
Package: url 2013/09/16  ver 3.4  Verb mode for urls, etc.
)
(/usr/share/texlive/texmf-dist/tex/latex/natbib/natbib.sty
Package: natbib 2010/09/13 8.31b (PWD, AO)
\bibhang=\skip47
\bibsep=\skip48
LaTeX Info: Redefining \cite on input line 694.
\c@NAT@ctr=\count106
)
Class revtex4-1 Info: Repairing natbib's \BibitemShut on input line 7549.

(/usr/share/texlive/texmf-dist/tex/latex/revtex/revsymb4-1.sty
Package: revsymb4-1 2010/07/25/20:33:00 4.1r (http://publish.aps.org/revtex4/ f
or documentation)
LaTeX Info: Redefining \frak on input line 95.
LaTeX Info: Redefining \Bbb on input line 111.
LaTeX Info: Redefining \REV@mathfrak on input line 119.
))
(/usr/share/texlive/texmf-dist/tex/latex/graphics/color.sty
Package: color 2016/07/10 v1.1e Standard LaTeX Color (DPC)

(/usr/share/texlive/texmf-dist/tex/latex/graphics-cfg/color.cfg
File: color.cfg 2016/01/02 v1.6 sample color configuration
)
Package color Info: Driver file: pdftex.def on input line 147.

(/usr/share/texlive/texmf-dist/tex/latex/graphics-def/pdftex.def
File: pdftex.def 2018/01/08 v1.0l Graphics/color driver for pdftex
))
(/usr/share/texlive/texmf-dist/tex/generic/babel/babel.sty
Package: babel 2018/02/14 3.18 The Babel package

(/usr/share/texlive/texmf-dist/tex/generic/babel/switch.def
File: switch.def 2018/02/14 3.18 Babel switching mechanism
)
(/usr/share/texlive/texmf-dist/tex/generic/babel-english/english.ldf
Language: english 2017/06/06 v3.3r English support from the babel system

(/usr/share/texlive/texmf-dist/tex/generic/babel/babel.def
File: babel.def 2018/02/14 3.18 Babel common definitions
\babel@savecnt=\count107
\U@D=\dimen111

(/usr/share/texlive/texmf-dist/tex/generic/babel/txtbabel.def)
\bbl@dirlevel=\count108
)
\l@canadian = a dialect from \language\l@american 
\l@australian = a dialect from \language\l@british 
\l@newzealand = a dialect from \language\l@british 
))
(/usr/share/texlive/texmf-dist/tex/latex/base/fontenc.sty
Package: fontenc 2017/04/05 v2.0i Standard LaTeX package

(/usr/share/texlive/texmf-dist/tex/latex/base/t1enc.def
File: t1enc.def 2017/04/05 v2.0i Standard LaTeX file
LaTeX Font Info:    Redeclaring font encoding T1 on input line 48.
))
(/usr/share/texlive/texmf-dist/tex/latex/float/float.sty
Package: float 2001/11/08 v1.3d Float enhancements (AL)
\c@float@type=\count109
\float@exts=\toks22
\float@box=\box43
\@float@everytoks=\toks23
\@floatcapt=\box44
)
(/usr/share/texlive/texmf-dist/tex/latex/tools/verbatim.sty
Package: verbatim 2014/10/28 v1.5q LaTeX2e package for verbatim enhancements
\every@verbatim=\toks24
\verbatim@line=\toks25
\verbatim@in@stream=\read1
)
(/usr/share/texlive/texmf-dist/tex/latex/graphics/graphicx.sty
Package: graphicx 2017/06/01 v1.1a Enhanced LaTeX Graphics (DPC,SPQR)

(/usr/share/texlive/texmf-dist/tex/latex/graphics/keyval.sty
Package: keyval 2014/10/28 v1.15 key=value parser (DPC)
\KV@toks@=\toks26
)
(/usr/share/texlive/texmf-dist/tex/latex/graphics/graphics.sty
Package: graphics 2017/06/25 v1.2c Standard LaTeX Graphics (DPC,SPQR)

(/usr/share/texlive/texmf-dist/tex/latex/graphics/trig.sty
Package: trig 2016/01/03 v1.10 sin cos tan (DPC)
)
(/usr/share/texlive/texmf-dist/tex/latex/graphics-cfg/graphics.cfg
File: graphics.cfg 2016/06/04 v1.11 sample graphics configuration
)
Package graphics Info: Driver file: pdftex.def on input line 99.
)
\Gin@req@height=\dimen112
\Gin@req@width=\dimen113
)
(/usr/share/texlive/texmf-dist/tex/latex/tools/bm.sty
Package: bm 2017/01/16 v1.2c Bold Symbol Support (DPC/FMi)
\symboldoperators=\mathgroup6
\symboldletters=\mathgroup7
\symboldsymbols=\mathgroup8
LaTeX Font Info:    Redeclaring math alphabet \mathbf on input line 141.
LaTeX Info: Redefining \bm on input line 207.
)
(/usr/share/texlive/texmf-dist/tex/latex/mathtools/mathtools.sty
Package: mathtools 2018/01/08 v1.21 mathematical typesetting tools

(/usr/share/texlive/texmf-dist/tex/latex/tools/calc.sty
Package: calc 2014/10/28 v4.3 Infix arithmetic (KKT,FJ)
\calc@Acount=\count110
\calc@Bcount=\count111
\calc@Adimen=\dimen114
\calc@Bdimen=\dimen115
\calc@Askip=\skip49
\calc@Bskip=\skip50
LaTeX Info: Redefining \setlength on input line 80.
LaTeX Info: Redefining \addtolength on input line 81.
\calc@Ccount=\count112
\calc@Cskip=\skip51
)
(/usr/share/texlive/texmf-dist/tex/latex/mathtools/mhsetup.sty
Package: mhsetup 2017/03/31 v1.3 programming setup (MH)
)
LaTeX Info: Thecontrolsequence`\('isalreadyrobust on input line 129.
LaTeX Info: Thecontrolsequence`\)'isalreadyrobust on input line 129.
LaTeX Info: Thecontrolsequence`\['isalreadyrobust on input line 129.
LaTeX Info: Thecontrolsequence`\]'isalreadyrobust on input line 129.
\g_MT_multlinerow_int=\count113
\l_MT_multwidth_dim=\dimen116
\origjot=\skip52
\l_MT_shortvdotswithinadjustabove_dim=\dimen117
\l_MT_shortvdotswithinadjustbelow_dim=\dimen118
\l_MT_above_intertext_sep=\dimen119
\l_MT_below_intertext_sep=\dimen120
\l_MT_above_shortintertext_sep=\dimen121
\l_MT_below_shortintertext_sep=\dimen122
)
(/usr/share/texlive/texmf-dist/tex/latex/stmaryrd/stmaryrd.sty
Package: stmaryrd 1994/03/03 St Mary's Road symbol package
\symstmry=\mathgroup9
LaTeX Font Info:    Overwriting symbol font `stmry' in version `bold'
(Font)                  U/stmry/m/n --> U/stmry/b/n on input line 89.
)
(/usr/share/texlive/texmf-dist/tex/latex/anyfontsize/anyfontsize.sty
Package: anyfontsize 2007/11/22 anyfontsize.sty by pts
)
(/usr/share/texlive/texmf-dist/tex/latex/changepage/changepage.sty
Package: changepage 2009/10/20 v1.0c check page and change page layout
\c@cp@cntr=\count114
\cp@tempcnt=\count115
)

! LaTeX Error: Option clash for package natbib.

See the LaTeX manual or LaTeX Companion for explanation.
Type  H <return>  for immediate help.
 ...                                              
                                                  
l.33 \bibpunct
              {}{}{,}{s}{}{;}
? 
Class revtex4-1 Info: Patching LaTeX tabular. on input line 88.

Class revtex4-1 Warning: Repair the float package.

Class revtex4-1 Info: Robustifying \LaTeX's \boldmath command on input line 88.

Class revtex4-1 Info: cite was not loaded (OK!) on input line 88.
Class revtex4-1 Info: mcite was not loaded (OK!) on input line 88.
Class revtex4-1 Info: multicol was not loaded (OK!) on input line 88.
(./enigma_rev3_lp.aux)
\openout1 = `enigma_rev3_lp.aux'.

LaTeX Font Info:    Checking defaults for OML/cmm/m/it on input line 88.
LaTeX Font Info:    ... okay on input line 88.
LaTeX Font Info:    Checking defaults for T1/cmr/m/n on input line 88.
LaTeX Font Info:    ... okay on input line 88.
LaTeX Font Info:    Checking defaults for OT1/cmr/m/n on input line 88.
LaTeX Font Info:    ... okay on input line 88.
LaTeX Font Info:    Checking defaults for OMS/cmsy/m/n on input line 88.
LaTeX Font Info:    ... okay on input line 88.
LaTeX Font Info:    Checking defaults for OMX/cmex/m/n on input line 88.
LaTeX Font Info:    ... okay on input line 88.
LaTeX Font Info:    Checking defaults for U/cmr/m/n on input line 88.
LaTeX Font Info:    ... okay on input line 88.

(/usr/share/texlive/texmf-dist/tex/context/base/mkii/supp-pdf.mkii
[Loading MPS to PDF converter (version 2006.09.02).]
\scratchcounter=\count116
\scratchdimen=\dimen123
\scratchbox=\box45
\nofMPsegments=\count117
\nofMParguments=\count118
\everyMPshowfont=\toks27
\MPscratchCnt=\count119
\MPscratchDim=\dimen124
\MPnumerator=\count120
\makeMPintoPDFobject=\count121
\everyMPtoPDFconversion=\toks28
) (/usr/share/texlive/texmf-dist/tex/latex/oberdiek/epstopdf-base.sty
Package: epstopdf-base 2016/05/15 v2.6 Base part for package epstopdf

(/usr/share/texlive/texmf-dist/tex/generic/oberdiek/infwarerr.sty
Package: infwarerr 2016/05/16 v1.4 Providing info/warning/error messages (HO)
)
(/usr/share/texlive/texmf-dist/tex/latex/oberdiek/grfext.sty
Package: grfext 2016/05/16 v1.2 Manage graphics extensions (HO)

(/usr/share/texlive/texmf-dist/tex/generic/oberdiek/kvdefinekeys.sty
Package: kvdefinekeys 2016/05/16 v1.4 Define keys (HO)

(/usr/share/texlive/texmf-dist/tex/generic/oberdiek/ltxcmds.sty
Package: ltxcmds 2016/05/16 v1.23 LaTeX kernel commands for general use (HO)
)))
(/usr/share/texlive/texmf-dist/tex/latex/oberdiek/kvoptions.sty
Package: kvoptions 2016/05/16 v3.12 Key value format for package options (HO)

(/usr/share/texlive/texmf-dist/tex/generic/oberdiek/kvsetkeys.sty
Package: kvsetkeys 2016/05/16 v1.17 Key value parser (HO)

(/usr/share/texlive/texmf-dist/tex/generic/oberdiek/etexcmds.sty
Package: etexcmds 2016/05/16 v1.6 Avoid name clashes with e-TeX commands (HO)

(/usr/share/texlive/texmf-dist/tex/generic/oberdiek/ifluatex.sty
Package: ifluatex 2016/05/16 v1.4 Provides the ifluatex switch (HO)
Package ifluatex Info: LuaTeX not detected.
)
Package etexcmds Info: Could not find \expanded.
(etexcmds)             That can mean that you are not using pdfTeX 1.50 or
(etexcmds)             that some package has redefined \expanded.
(etexcmds)             In the latter case, load this package earlier.
)))
(/usr/share/texlive/texmf-dist/tex/generic/oberdiek/pdftexcmds.sty
Package: pdftexcmds 2018/01/21 v0.26 Utility functions of pdfTeX for LuaTeX (HO
)

(/usr/share/texlive/texmf-dist/tex/generic/oberdiek/ifpdf.sty
Package: ifpdf 2017/03/15 v3.2 Provides the ifpdf switch
)
Package pdftexcmds Info: LuaTeX not detected.
Package pdftexcmds Info: \pdf@primitive is available.
Package pdftexcmds Info: \pdf@ifprimitive is available.
Package pdftexcmds Info: \pdfdraftmode found.
)
Package epstopdf-base Info: Redefining graphics rule for `.eps' on input line 4
38.
Package grfext Info: Graphics extension search list:
(grfext)             [.pdf,.png,.jpg,.mps,.jpeg,.jbig2,.jb2,.PDF,.PNG,.JPG,.JPE
G,.JBIG2,.JB2,.eps]
(grfext)             \AppendGraphicsExtensions on input line 456.

(/usr/share/texlive/texmf-dist/tex/latex/latexconfig/epstopdf-sys.cfg
File: epstopdf-sys.cfg 2010/07/13 v1.3 Configuration of (r)epstopdf for TeX Liv
e
))
\openout3 = `enigma_rev3_lpNotes.bib'.


(/usr/share/texlive/texmf-dist/tex/latex/lineno/lineno.sty
Package: lineno 2005/11/02 line numbers on paragraphs v4.41
\linenopenalty=\count122
\output=\toks29
\linenoprevgraf=\count123
\linenumbersep=\dimen125
\linenumberwidth=\dimen126
\c@linenumber=\count124
\c@pagewiselinenumber=\count125
\c@LN@truepage=\count126
\c@internallinenumber=\count127
\c@internallinenumbers=\count128
\quotelinenumbersep=\dimen127
\bframerule=\dimen128
\bframesep=\dimen129
\bframebox=\box46
LaTeX Info: Redefining \\ on input line 3056.
)
LaTeX Font Info:    Try loading font information for T1+cmss on input line 138.


(/usr/share/texlive/texmf-dist/tex/latex/base/t1cmss.fd
File: t1cmss.fd 2014/09/29 v2.5h Standard LaTeX font definitions
)
LaTeX Font Info:    Try loading font information for U+msa on input line 138.

(/usr/share/texlive/texmf-dist/tex/latex/amsfonts/umsa.fd
File: umsa.fd 2013/01/14 v3.01 AMS symbols A
)
LaTeX Font Info:    Try loading font information for U+msb on input line 138.

(/usr/share/texlive/texmf-dist/tex/latex/amsfonts/umsb.fd
File: umsb.fd 2013/01/14 v3.01 AMS symbols B
)
LaTeX Font Info:    Try loading font information for U+stmry on input line 138.


(/usr/share/texlive/texmf-dist/tex/latex/stmaryrd/Ustmry.fd) [1{/var/lib/texmf/
fonts/map/pdftex/updmap/pdftex.map}]
Underfull \hbox (badness 1112) in paragraph at lines 244--257
\T1/cmr/m/n/10 mul-ti-type in-ter-ac-tions and ecosys-tem en-gi-neer-ing in
 []


Underfull \hbox (badness 10000) in paragraph at lines 244--257

 []



pdfTeX warning: pdflatex (file ./fig_model2.pdf): PDF inclusion: found PDF vers
ion <1.7>, but at most version <1.5> allowed
<fig_model2.pdf, id=13, 360.6273pt x 331.92607pt>
File: fig_model2.pdf Graphic file (type pdf)
<use fig_model2.pdf>
Package pdftex.def Info: fig_model2.pdf  used on input line 310.
(pdftex.def)             Requested size: 244.79782pt x 225.31169pt.

LaTeX Warning: `!h' float specifier changed to `!ht'.

[2]

LaTeX Warning: A float is stuck (cannot be placed); try class option [floatfix]
 on input line 345.


Underfull \hbox (badness 1097) in paragraph at lines 402--406
\T1/cmr/m/n/10 bars, Fig. 2[]c). Com-pellingly, the trophic rich-ness
 []


Underfull \hbox (badness 10000) in paragraph at lines 402--406

 []

[3 <./fig_model2.pdf>]
<fig_trophic3.pdf, id=89, 433.62pt x 361.35pt>
File: fig_trophic3.pdf Graphic file (type pdf)
<use fig_trophic3.pdf>
Package pdftex.def Info: fig_trophic3.pdf  used on input line 437.
(pdftex.def)             Requested size: 255.0pt x 212.49992pt.

Overfull \hbox (9.0pt too wide) in paragraph at lines 437--439
 [][] 
 []



pdfTeX warning: pdflatex (file ./fig_nested4.pdf): PDF inclusion: found PDF ver
sion <1.7>, but at most version <1.5> allowed
<fig_nested4.pdf, id=90, 433.62pt x 361.35pt>
File: fig_nested4.pdf Graphic file (type pdf)
<use fig_nested4.pdf>
Package pdftex.def Info: fig_nested4.pdf  used on input line 545.
(pdftex.def)             Requested size: 255.0pt x 212.49992pt.

Overfull \hbox (9.0pt too wide) in paragraph at lines 545--547
 [][] 
 []


LaTeX Warning: `!h' float specifier changed to `!ht'.


Underfull \hbox (badness 10000) in paragraph at lines 562--570

 []

[4 <./fig_trophic3.pdf>]

LaTeX Warning: A float is stuck (cannot be placed); try class option [floatfix]
 on input line 585.

[5 <./fig_nested4.pdf>]
<fig_engineers5.pdf, id=143, 578.16pt x 433.62pt>
File: fig_engineers5.pdf Graphic file (type pdf)
<use fig_engineers5.pdf>
Package pdftex.def Info: fig_engineers5.pdf  used on input line 659.
(pdftex.def)             Requested size: 255.0pt x 191.24992pt.

Overfull \hbox (9.0pt too wide) in paragraph at lines 659--661
 [][] 
 []


Underfull \hbox (badness 1052) in paragraph at lines 722--728
\T1/cmr/m/n/10 done here, or oth-er-wise, is vi-tal for un-der-stand-ing
 []


Underfull \hbox (badness 1122) in paragraph at lines 722--728
\T1/cmr/m/n/10 As past ecosys-tems have fun-da-men-tally al-tered the
 []


Underfull \hbox (badness 10000) in paragraph at lines 722--728

 []

[6 <./fig_engineers5.pdf>]
Underfull \hbox (badness 10000) in paragraph at lines 803--811

 []


Underfull \hbox (badness 10000) in paragraph at lines 803--811

 []

(./enigma_rev3_lp.bbl
LaTeX Font Info:    Try loading font information for T1+cmtt on input line 29.
 (/usr/share/texlive/texmf-dist/tex/latex/base/t1cmtt.fd
File: t1cmtt.fd 2014/09/29 v2.5h Standard LaTeX font definitions
)
Underfull \hbox (badness 3108) in paragraph at lines 24--30
 []\T1/cmr/m/n/9 Pascual, M. & Dunne, J.  \T1/cmr/m/it/9 Eco-log-i-cal Net-work
s:
 []


Underfull \hbox (badness 1178) in paragraph at lines 24--30
 \T1/cmr/m/it/9 Link-ing Struc-ture to Dy-nam-ics in Food Webs \T1/cmr/m/n/9 (O
x-
 []


Underfull \hbox (badness 1895) in paragraph at lines 24--30
 \T1/cmr/m/n/9 ford Uni-ver-sity Press, Ox-ford, UK, 2006).  URL
 []


Underfull \hbox (badness 10000) in paragraph at lines 24--30
 \T1/cmtt/m/n/9 http : / / www . google . com / search ? client = safari & rls 
=
 []

[7]
Underfull \hbox (badness 2035) in paragraph at lines 73--79
 []\T1/cmr/m/n/9 Hubbell, S.  \T1/cmr/m/it/9 The uni-fied neu-tral the-ory of b
io-di-
 []


Underfull \hbox (badness 10000) in paragraph at lines 73--79
 \T1/cmr/m/it/9 ver-sity and bio-geog-ra-phy \T1/cmr/m/n/9 (Prince-ton Univ Pre
ss,
 []


Underfull \hbox (badness 10000) in paragraph at lines 73--79
 \T1/cmtt/m/n/9 safari & rls = en-[]us & q = The + unified + neutral + theory +

 []


Underfull \hbox (badness 1953) in paragraph at lines 114--121
 []\T1/cmr/m/n/9 Brown, J. H., Kelt, D. A. & Fox, B. J.  As-
 []


Underfull \hbox (badness 1755) in paragraph at lines 114--121
 \T1/cmr/m/n/9 sem-bly Rules and Com-pe-ti-tion in Desert Ro-dents.
 []


Underfull \hbox (badness 6592) in paragraph at lines 114--121
 \T1/cmr/m/it/9 http://dx.doi.org.proxy.lib.sfu.ca/10.1086/679735 \T1/cmr/bx/n/
9 160\T1/cmr/m/n/9 ,
 []


Underfull \hbox (badness 1275) in paragraph at lines 180--189
 []\T1/cmr/m/n/9 Ramos-Jiliberto, R., Val-dovi-nos, F. S., Mois-set de
 []


Underfull \hbox (badness 1838) in paragraph at lines 180--189
 \T1/cmr/m/n/9 Es-panés, P. & Flo-res, J. D.  Topo-log-i-cal plas-
 []


Underfull \hbox (badness 2460) in paragraph at lines 180--189
 \T1/cmr/m/n/9 tic-ity in-creases ro-bust-ness of mu-tu-al-is-tic net-works.
 []


Underfull \hbox (badness 5954) in paragraph at lines 180--189
 \T1/cmr/m/it/9 Jour-nal of An-i-mal Ecol-ogy \T1/cmr/bx/n/9 81\T1/cmr/m/n/9 , 
896--904 (2012).
 []


Overfull \hbox (71.64195pt too wide) in paragraph at lines 180--189
 \T1/cmr/m/n/9 arXiv:https://besjournals.onlinelibrary.wiley.com/doi/pdf/10.111
1/j.1365-
 []


Overfull \hbox (85.48923pt too wide) in paragraph at lines 289--297
 \T1/cmr/m/n/9 arXiv:https://zslpublications.onlinelibrary.wiley.com/doi/pdf/10
.1111/j.1469-
 []


Underfull \hbox (badness 10000) in paragraph at lines 299--305
 []\T1/cmr/m/n/9 Moore, J. W.  An-i-mal Ecosys-tem En-gi-neers
 []


Underfull \hbox (badness 10000) in paragraph at lines 299--305
 \T1/cmr/m/n/9 in Streams.  \T1/cmr/m/it/9 Bio-Science \T1/cmr/bx/n/9 56\T1/cmr
/m/n/9 , 237--246 (2006).
 []


Underfull \hbox (badness 10000) in paragraph at lines 299--305
 \T1/cmr/m/n/9 arXiv:http://oup.prod.sis.lan/bioscience/article-
 []


Overfull \hbox (71.64195pt too wide) in paragraph at lines 321--330
 \T1/cmr/m/n/9 arXiv:https://besjournals.onlinelibrary.wiley.com/doi/pdf/10.111
1/j.1365-
 []

[8]
Underfull \hbox (badness 4193) in paragraph at lines 346--354
 []\T1/cmr/m/n/9 Schirrmeister, B. E., de Vos, J. M., An-tonelli,
 []


Underfull \hbox (badness 5446) in paragraph at lines 346--354
 \T1/cmr/m/n/9 A. & Bagheri, H. C.  Evo-lu-tion of mul-ti-cel-
 []


Underfull \hbox (badness 10000) in paragraph at lines 346--354
 \T1/cmr/m/n/9 lu-lar-ity co-in-cided with in-creased di-ver-si-fi-ca-tion
 []


Underfull \hbox (badness 6110) in paragraph at lines 346--354
 \T1/cmr/m/n/9 of cyanobac-te-ria and the great ox-i-da-tion event.
 []


Underfull \hbox (badness 2384) in paragraph at lines 346--354
 \T1/cmr/m/it/9 Proc Natl Acad Sci USA \T1/cmr/bx/n/9 110\T1/cmr/m/n/9 , 1791--
1796 (2013).
 []


Overfull \hbox (6.29399pt too wide) in paragraph at lines 346--354
 \T1/cmr/m/n/9 arXiv:https://www.pnas.org/content/110/5/1791.full.pdf. 
 []


Underfull \hbox (badness 3179) in paragraph at lines 434--439
 []\T1/cmr/m/n/9 Dykhuizen, D. & Davies, M.  An ex-per-i-men-tal
 []


Underfull \hbox (badness 1888) in paragraph at lines 471--477
 []\T1/cmr/m/n/9 Williams, R. & Mar-tinez, N.  Lim-its to trophic
 []


Underfull \hbox (badness 1616) in paragraph at lines 471--477
 \T1/cmr/m/n/9 lev-els and om-nivory in com-plex food webs: The-
 []


Underfull \hbox (badness 3780) in paragraph at lines 471--477
 \T1/cmr/m/n/9 ory and data.  \T1/cmr/m/it/9 Am Nat \T1/cmr/bx/n/9 163\T1/cmr/m
/n/9 , 458--468 (2004).
 []

[9])
Underfull \hbox (badness 1024) in paragraph at lines 816--840
\T1/cmr/m/n/8 Suswaram, and Ritwika VPS, and two anony-mous re-view-ers
 []


Underfull \hbox (badness 1028) in paragraph at lines 816--840
\T1/cmr/m/n/8 and CNPq (302049/2015-0) to MAMA, CNPq and FAPESP
 []


Underfull \hbox (badness 10000) in paragraph at lines 816--840

 []


Underfull \hbox (badness 10000) in paragraph at lines 816--840

 []


Underfull \hbox (badness 10000) in paragraph at lines 841--849

 []

[10] [11]
<fig_conn.pdf, id=181, 722.7pt x 361.35pt>
File: fig_conn.pdf Graphic file (type pdf)
<use fig_conn.pdf>
Package pdftex.def Info: fig_conn.pdf  used on input line 1053.
(pdftex.def)             Requested size: 306.00311pt x 153.00104pt.


Class revtex4-1 Warning: Float cannot be placed.

<fig_errorscatter2.pdf, id=182, 578.16pt x 361.35pt>
File: fig_errorscatter2.pdf Graphic file (type pdf)
<use fig_errorscatter2.pdf>
Package pdftex.def Info: fig_errorscatter2.pdf  used on input line 1066.
(pdftex.def)             Requested size: 408.00156pt x 254.99991pt.

Class revtex4-1 Warning: Float cannot be placed.

<fig_error2.pdf, id=183, 578.16pt x 361.35pt>
File: fig_error2.pdf Graphic file (type pdf)
<use fig_error2.pdf>
Package pdftex.def Info: fig_error2.pdf  used on input line 1077.
(pdftex.def)             Requested size: 408.00156pt x 254.99991pt.

Class revtex4-1 Warning: Float cannot be placed.

<fig_nestedvsize.pdf, id=184, 433.62pt x 361.35pt>
File: fig_nestedvsize.pdf Graphic file (type pdf)
<use fig_nestedvsize.pdf>
Package pdftex.def Info: fig_nestedvsize.pdf  used on input line 1130.
(pdftex.def)             Requested size: 408.00156pt x 340.01642pt.

Class revtex4-1 Warning: Float cannot be placed.

<fig_persistdegree_boxall.pdf, id=185, 722.7pt x 433.62pt>
File: fig_persistdegree_boxall.pdf Graphic file (type pdf)
<use fig_persistdegree_boxall.pdf>
Package pdftex.def Info: fig_persistdegree_boxall.pdf  used on input line 1143.

(pdftex.def)             Requested size: 408.00156pt x 244.80388pt.

Class revtex4-1 Warning: Float cannot be placed.

<fig_trophic3_eng.pdf, id=186, 433.62pt x 361.35pt>
File: fig_trophic3_eng.pdf Graphic file (type pdf)
<use fig_trophic3_eng.pdf>
Package pdftex.def Info: fig_trophic3_eng.pdf  used on input line 1156.
(pdftex.def)             Requested size: 356.99844pt x 297.51091pt.

Class revtex4-1 Warning: Float cannot be placed.



pdfTeX warning: pdflatex (file ./fig_indeng_combined.pdf): PDF inclusion: found
 PDF version <1.7>, but at most version <1.5> allowed
<fig_indeng_combined.pdf, id=187, 433.62pt x 289.08pt>
File: fig_indeng_combined.pdf Graphic file (type pdf)
<use fig_indeng_combined.pdf>
Package pdftex.def Info: fig_indeng_combined.pdf  used on input line 1176.
(pdftex.def)             Requested size: 356.99844pt x 238.00873pt.

Class revtex4-1 Warning: Float cannot be placed.

<fig_redundancy.pdf, id=188, 578.16pt x 578.16pt>
File: fig_redundancy.pdf Graphic file (type pdf)
<use fig_redundancy.pdf>
Package pdftex.def Info: fig_redundancy.pdf  used on input line 1204.
(pdftex.def)             Requested size: 306.00311pt x 305.99988pt.

Class revtex4-1 Warning: Float cannot be placed.

<fig_engineers5_unique.pdf, id=189, 578.16pt x 433.62pt>
File: fig_engineers5_unique.pdf Graphic file (type pdf)
<use fig_engineers5_unique.pdf>
Package pdftex.def Info: fig_engineers5_unique.pdf  used on input line 1216.
(pdftex.def)             Requested size: 306.00311pt x 229.49991pt.

Class revtex4-1 Warning: Float cannot be placed.

<fig_steadystates2.pdf, id=190, 578.16pt x 505.89pt>
File: fig_steadystates2.pdf Graphic file (type pdf)
<use fig_steadystates2.pdf>
Package pdftex.def Info: fig_steadystates2.pdf  used on input line 1231.
(pdftex.def)             Requested size: 408.00156pt x 356.99985pt.

Class revtex4-1 Warning: Float cannot be placed.

[12] [13 <./fig_conn.pdf> <./fig_errorscatter2.pdf>] [14 <./fig_error2.pdf>]
[15 <./fig_nestedvsize.pdf>] [16 <./fig_persistdegree_boxall.pdf>] [17 <./fig_t
rophic3_eng.pdf>] [18 <./fig_indeng_combined.pdf>] [19 <./fig_redundancy.pdf>]
[20 <./fig_engineers5_unique.pdf>] [21 <./fig_steadystates2.pdf>]
(./enigma_rev3_lp.aux) ) 
Here is how much of TeX's memory you used:
 6751 strings out of 492982
 94267 string characters out of 6134897
 244429 words of memory out of 5000000
 10140 multiletter control sequences out of 15000+600000
 28341 words of font info for 80 fonts, out of 8000000 for 9000
 1141 hyphenation exceptions out of 8191
 41i,7n,32p,1505b,719s stack positions out of 5000i,500n,10000p,200000b,80000s
{/usr/share/texmf/fonts/enc/dvips/cm-super/cm-super-t1.
enc}</usr/share/texlive/texmf-dist/fonts/type1/public/amsfonts/cmextra/cmex8.pf
b></usr/share/texlive/texmf-dist/fonts/type1/public/amsfonts/cmextra/cmex9.pfb>
</usr/share/texlive/texmf-dist/fonts/type1/public/amsfonts/cm/cmmi10.pfb></usr/
share/texlive/texmf-dist/fonts/type1/public/amsfonts/cm/cmmi6.pfb></usr/share/t
exlive/texmf-dist/fonts/type1/public/amsfonts/cm/cmmi7.pfb></usr/share/texlive/
texmf-dist/fonts/type1/public/amsfonts/cm/cmmi8.pfb></usr/share/texlive/texmf-d
ist/fonts/type1/public/amsfonts/cm/cmmi9.pfb></usr/share/texlive/texmf-dist/fon
ts/type1/public/amsfonts/cm/cmr10.pfb></usr/share/texlive/texmf-dist/fonts/type
1/public/amsfonts/cm/cmr6.pfb></usr/share/texlive/texmf-dist/fonts/type1/public
/amsfonts/cm/cmr7.pfb></usr/share/texlive/texmf-dist/fonts/type1/public/amsfont
s/cm/cmr8.pfb></usr/share/texlive/texmf-dist/fonts/type1/public/amsfonts/cm/cmr
9.pfb></usr/share/texlive/texmf-dist/fonts/type1/public/amsfonts/cm/cmsy10.pfb>
</usr/share/texlive/texmf-dist/fonts/type1/public/amsfonts/cm/cmsy6.pfb></usr/s
hare/texlive/texmf-dist/fonts/type1/public/amsfonts/cm/cmsy7.pfb></usr/share/te
xlive/texmf-dist/fonts/type1/public/amsfonts/cm/cmsy8.pfb></usr/share/texlive/t
exmf-dist/fonts/type1/public/amsfonts/cm/cmsy9.pfb></usr/share/texlive/texmf-di
st/fonts/type1/public/amsfonts/symbols/msbm7.pfb></usr/share/texmf/fonts/type1/
public/cm-super/sfbx0800.pfb></usr/share/texmf/fonts/type1/public/cm-super/sfbx
0900.pfb></usr/share/texmf/fonts/type1/public/cm-super/sfbx1000.pfb></usr/share
/texmf/fonts/type1/public/cm-super/sfbx1200.pfb></usr/share/texmf/fonts/type1/p
ublic/cm-super/sfrm0600.pfb></usr/share/texmf/fonts/type1/public/cm-super/sfrm0
700.pfb></usr/share/texmf/fonts/type1/public/cm-super/sfrm0800.pfb></usr/share/
texmf/fonts/type1/public/cm-super/sfrm0900.pfb></usr/share/texmf/fonts/type1/pu
blic/cm-super/sfrm1000.pfb></usr/share/texmf/fonts/type1/public/cm-super/sfss05
00.pfb></usr/share/texmf/fonts/type1/public/cm-super/sfti0800.pfb></usr/share/t
exmf/fonts/type1/public/cm-super/sfti0900.pfb></usr/share/texmf/fonts/type1/pub
lic/cm-super/sfti1000.pfb></usr/share/texmf/fonts/type1/public/cm-super/sftt090
0.pfb>
Output written on enigma_rev3_lp.pdf (21 pages, 14097060 bytes).
PDF statistics:
 425 PDF objects out of 1000 (max. 8388607)
 313 compressed objects within 4 object streams
 0 named destinations out of 1000 (max. 500000)
 71 words of extra memory for PDF output out of 10000 (max. 10000000)

