This is pdfTeX, Version 3.14159265-2.6-1.40.20 (TeX Live 2019/Debian) (preloaded format=pdflatex 2020.5.12)  10 JUN 2020 15:21
entering extended mode
 restricted \write18 enabled.
 %&-line parsing enabled.
**enigma_rev5.tex
(./enigma_rev5.tex
LaTeX2e <2020-02-02> patch level 2
L3 programming layer <2020-02-14>
(/usr/share/texlive/texmf-dist/tex/latex/revtex/revtex4-1.cls
Document Class: revtex4-1 2010/07/25/20:33:00 4.1r (http://publish.aps.org/revt
ex4/ for documentation)
 Copyright (c) 2009 The American Physical Society.
 mailto:revtex@aps.org
 Licensed under the LPPL:
http://www.ctan.org/tex-archive/macros/latex/base/lppl.txt
 Arthur Ogawa <arthur_ogawa at sbcglobal dot net>
 Based on work by David Carlisle <david at dcarlisle.demon.co.uk>.
ltxutil[2010/07/25/20:33:00 4.1r utilities package (portions licensed from W. E
. Baxter web at superscript.com)]
LaTeX Info: Redefining \@centercr on input line 308.
Class revtex4-1 Info: Repairing broken LaTeX eqnarray on input line 358.
\eqncolsep=\skip47
Class revtex4-1 Info: Repairing hyperref-unfriendly LaTeX definition of \mpfoot
note on input line 433.
Class revtex4-1 Info: Repairing broken LateX \@sect on input line 755.
\intertabularlinepenalty=\count167
\@tbpen=\count168
\@arstrutbox@hline=\box45
Class revtex4-1 Info: Repairing broken LaTeX \@xbitor on input line 1786.
Class revtex4-1 Info: Making \typeout \long on input line 2046.
ltxfront[2010/07/25/20:33:00 4.1r frontmatter package (AO,DPC)]
\c@affil=\count169
\c@collab=\count170
\absbox=\box46
ltxgrid[2010/07/25/20:33:00 4.1r page grid package (portions licensed from W. E
. Baxter web at superscript.com)]
\c@linecount=\count171
\output@latex=\toks14
\box@size@1=\box47
\box@size@2=\box48
\@protection@box=\box49
\@topmark@saved=\toks15
\footins@saved=\box50
\footins@recovered=\box51
\column@recovered=\box52
\pagesofar=\box53
\footsofar=\box54
\pagegrid@col=\count172

Class revtex4-1 Warning: Failed to recognize \@vspace, \@vspacer, \@no@pgbk, \@
newline, and \\; no patches applied. Please get a more up-to-date class, .

\c@part=\count173
\c@section=\count174
\c@subsection=\count175
\c@subsubsection=\count176
\c@paragraph=\count177
\c@subparagraph=\count178
\abovecaptionskip=\skip48
\belowcaptionskip=\skip49
\c@figure=\count179
\fbox@1=\box55
\c@table=\count180
\fbox@2=\box56
\c@video=\count181
\fbox@4=\box57
\@bibdataout=\write3
\widetext@top=\box58
\widetext@bot=\box59

Class revtex4-1 Warning: No Society specified, using default society aps.

(/usr/share/texlive/texmf-dist/tex/latex/revtex/aps4-1.rtx
File: aps4-1 2010/07/25/20:33:00 4.1r (http://publish.aps.org/revtex4/ for docu
mentation)
Class revtex4-1 Info: RevTeX society APS selected on input line 31.
)

Class revtex4-1 Warning: No journal specified, using default pra.

Class revtex4-1 Info: APS journal PRA selected on input line 7545.

Class revtex4-1 Warning: No type size specified, using default 10.

(/usr/share/texlive/texmf-dist/tex/latex/revtex/aps10pt4-1.rtx
File: aps10pt4-1 2010/07/25/20:33:00 4.1r (http://publish.aps.org/revtex4/ for 
documentation)
Class revtex4-1 Info: RevTeX pointsize 10pt selected on input line 30.
)
(/usr/share/texlive/texmf-dist/tex/latex/textcase/textcase.sty
Package: textcase 2019/09/14 v1.00 Text only upper/lower case changing (DPC)
)
(/usr/share/texlive/texmf-dist/tex/latex/amsfonts/amssymb.sty
Package: amssymb 2013/01/14 v3.01 AMS font symbols

(/usr/share/texlive/texmf-dist/tex/latex/amsfonts/amsfonts.sty
Package: amsfonts 2013/01/14 v3.01 Basic AMSFonts support
\@emptytoks=\toks16
\symAMSa=\mathgroup4
\symAMSb=\mathgroup5
LaTeX Font Info:    Redeclaring math symbol \hbar on input line 98.
LaTeX Font Info:    Overwriting math alphabet `\mathfrak' in version `bold'
(Font)                  U/euf/m/n --> U/euf/b/n on input line 106.
))
(/usr/share/texlive/texmf-dist/tex/latex/amsmath/amsmath.sty
Package: amsmath 2020/01/20 v2.17e AMS math features
\@mathmargin=\skip50

For additional information on amsmath, use the `?' option.
(/usr/share/texlive/texmf-dist/tex/latex/amsmath/amstext.sty
Package: amstext 2000/06/29 v2.01 AMS text

(/usr/share/texlive/texmf-dist/tex/latex/amsmath/amsgen.sty
File: amsgen.sty 1999/11/30 v2.0 generic functions
\@emptytoks=\toks17
\ex@=\dimen134
)
LaTeX Info: Redefining \text on input line 28.
)
(/usr/share/texlive/texmf-dist/tex/latex/amsmath/amsbsy.sty
Package: amsbsy 1999/11/29 v1.2d Bold Symbols
\pmbraise@=\dimen135
)
(/usr/share/texlive/texmf-dist/tex/latex/amsmath/amsopn.sty
Package: amsopn 2016/03/08 v2.02 operator names
)
\inf@bad=\count182
LaTeX Info: Redefining \frac on input line 227.
\uproot@=\count183
\leftroot@=\count184
LaTeX Info: Redefining \overline on input line 389.
\classnum@=\count185
\DOTSCASE@=\count186
LaTeX Info: Redefining \ldots on input line 486.
LaTeX Info: Redefining \dots on input line 489.
LaTeX Info: Redefining \cdots on input line 610.
\Mathstrutbox@=\box60
\strutbox@=\box61
\big@size=\dimen136
LaTeX Font Info:    Redeclaring font encoding OML on input line 733.
LaTeX Font Info:    Redeclaring font encoding OMS on input line 734.
\macc@depth=\count187
\c@MaxMatrixCols=\count188
\dotsspace@=\muskip16
\c@parentequation=\count189
\dspbrk@lvl=\count190
\tag@help=\toks18
\row@=\count191
\column@=\count192
\maxfields@=\count193
\andhelp@=\toks19
\eqnshift@=\dimen137
\alignsep@=\dimen138
\tagshift@=\dimen139
\tagwidth@=\dimen140
\totwidth@=\dimen141
\lineht@=\dimen142
\@envbody=\toks20
\multlinegap=\skip51
\multlinetaggap=\skip52
\mathdisplay@stack=\toks21
LaTeX Info: Redefining \[ on input line 2859.
LaTeX Info: Redefining \] on input line 2860.
)
(/usr/share/texlive/texmf-dist/tex/latex/url/url.sty
\Urlmuskip=\muskip17
Package: url 2013/09/16  ver 3.4  Verb mode for urls, etc.
)
(/usr/share/texlive/texmf-dist/tex/latex/natbib/natbib.sty
Package: natbib 2010/09/13 8.31b (PWD, AO)
\bibhang=\skip53
\bibsep=\skip54
LaTeX Info: Redefining \cite on input line 694.
\c@NAT@ctr=\count194
)
Class revtex4-1 Info: Repairing natbib's \BibitemShut on input line 7549.

(/usr/share/texlive/texmf-dist/tex/latex/revtex/revsymb4-1.sty
Package: revsymb4-1 2010/07/25/20:33:00 4.1r (http://publish.aps.org/revtex4/ f
or documentation)
LaTeX Info: Redefining \frak on input line 95.
LaTeX Info: Redefining \Bbb on input line 111.
LaTeX Info: Redefining \REV@mathfrak on input line 119.
))
(/usr/share/texlive/texmf-dist/tex/latex/graphics/color.sty
Package: color 2019/11/23 v1.2a Standard LaTeX Color (DPC)

(/usr/share/texlive/texmf-dist/tex/latex/graphics-cfg/color.cfg
File: color.cfg 2016/01/02 v1.6 sample color configuration
)
Package color Info: Driver file: pdftex.def on input line 147.

(/usr/share/texlive/texmf-dist/tex/latex/graphics-def/pdftex.def
File: pdftex.def 2018/01/08 v1.0l Graphics/color driver for pdftex
))
(/usr/share/texlive/texmf-dist/tex/generic/babel/babel.sty
Package: babel 2020/02/14 3.40 The Babel package

(/usr/share/texlive/texmf-dist/tex/generic/babel/switch.def
File: switch.def 2020/02/14 3.40 Babel switching mechanism
)
(/usr/share/texlive/texmf-dist/tex/generic/babel-english/english.ldf
Language: english 2017/06/06 v3.3r English support from the babel system

(/usr/share/texlive/texmf-dist/tex/generic/babel/babel.def
File: babel.def 2020/02/14 3.40 Babel common definitions
\babel@savecnt=\count195
\U@D=\dimen143

(/usr/share/texlive/texmf-dist/tex/generic/babel/txtbabel.def)
\bbl@readstream=\read2
\bbl@dirlevel=\count196
)
Package babel Info: \l@canadian = using hyphenrules for english
(babel)             (\language0) on input line 102.
Package babel Info: \l@australian = using hyphenrules for ukenglish
(babel)             (\language5) on input line 105.
Package babel Info: \l@newzealand = using hyphenrules for ukenglish
(babel)             (\language5) on input line 108.
))
(/usr/share/texlive/texmf-dist/tex/latex/base/fontenc.sty
Package: fontenc 2020/02/11 v2.0o Standard LaTeX package
)
(/usr/share/texlive/texmf-dist/tex/latex/float/float.sty
Package: float 2001/11/08 v1.3d Float enhancements (AL)
\c@float@type=\count197
\float@exts=\toks22
\float@box=\box62
\@float@everytoks=\toks23
\@floatcapt=\box63
)
(/usr/share/texlive/texmf-dist/tex/latex/tools/verbatim.sty
Package: verbatim 2019/11/10 v1.5r LaTeX2e package for verbatim enhancements
\every@verbatim=\toks24
\verbatim@line=\toks25
\verbatim@in@stream=\read3
)
(/usr/share/texlive/texmf-dist/tex/latex/graphics/graphicx.sty
Package: graphicx 2019/11/30 v1.2a Enhanced LaTeX Graphics (DPC,SPQR)

(/usr/share/texlive/texmf-dist/tex/latex/graphics/keyval.sty
Package: keyval 2014/10/28 v1.15 key=value parser (DPC)
\KV@toks@=\toks26
)
(/usr/share/texlive/texmf-dist/tex/latex/graphics/graphics.sty
Package: graphics 2019/11/30 v1.4a Standard LaTeX Graphics (DPC,SPQR)

(/usr/share/texlive/texmf-dist/tex/latex/graphics/trig.sty
Package: trig 2016/01/03 v1.10 sin cos tan (DPC)
)
(/usr/share/texlive/texmf-dist/tex/latex/graphics-cfg/graphics.cfg
File: graphics.cfg 2016/06/04 v1.11 sample graphics configuration
)
Package graphics Info: Driver file: pdftex.def on input line 105.
)
\Gin@req@height=\dimen144
\Gin@req@width=\dimen145
)
(/usr/share/texlive/texmf-dist/tex/latex/tools/bm.sty
Package: bm 2019/07/24 v1.2d Bold Symbol Support (DPC/FMi)
\symboldoperators=\mathgroup6
\symboldletters=\mathgroup7
\symboldsymbols=\mathgroup8
LaTeX Font Info:    Redeclaring math alphabet \mathbf on input line 141.
LaTeX Info: Redefining \bm on input line 209.
)
(/usr/share/texlive/texmf-dist/tex/latex/mathtools/mathtools.sty
Package: mathtools 2020/01/17 v1.23 mathematical typesetting tools

(/usr/share/texlive/texmf-dist/tex/latex/tools/calc.sty
Package: calc 2017/05/25 v4.3 Infix arithmetic (KKT,FJ)
\calc@Acount=\count198
\calc@Bcount=\count199
\calc@Adimen=\dimen146
\calc@Bdimen=\dimen147
\calc@Askip=\skip55
\calc@Bskip=\skip56
LaTeX Info: Redefining \setlength on input line 80.
LaTeX Info: Redefining \addtolength on input line 81.
\calc@Ccount=\count266
\calc@Cskip=\skip57
)
(/usr/share/texlive/texmf-dist/tex/latex/mathtools/mhsetup.sty
Package: mhsetup 2017/03/31 v1.3 programming setup (MH)
)
LaTeX Info: Thecontrolsequence`\('isalreadyrobust on input line 129.
LaTeX Info: Thecontrolsequence`\)'isalreadyrobust on input line 129.
LaTeX Info: Thecontrolsequence`\['isalreadyrobust on input line 129.
LaTeX Info: Thecontrolsequence`\]'isalreadyrobust on input line 129.
\g_MT_multlinerow_int=\count267
\l_MT_multwidth_dim=\dimen148
\origjot=\skip58
\l_MT_shortvdotswithinadjustabove_dim=\dimen149
\l_MT_shortvdotswithinadjustbelow_dim=\dimen150
\l_MT_above_intertext_sep=\dimen151
\l_MT_below_intertext_sep=\dimen152
\l_MT_above_shortintertext_sep=\dimen153
\l_MT_below_shortintertext_sep=\dimen154
)
(/usr/share/texlive/texmf-dist/tex/latex/stmaryrd/stmaryrd.sty
Package: stmaryrd 1994/03/03 St Mary's Road symbol package
\symstmry=\mathgroup9
LaTeX Font Info:    Overwriting symbol font `stmry' in version `bold'
(Font)                  U/stmry/m/n --> U/stmry/b/n on input line 89.
)
(/usr/share/texlive/texmf-dist/tex/latex/anyfontsize/anyfontsize.sty
Package: anyfontsize 2007/11/22 anyfontsize.sty by pts
)
(/usr/share/texlive/texmf-dist/tex/latex/changepage/changepage.sty
Package: changepage 2009/10/20 v1.0c check page and change page layout
\c@cp@cntr=\count268
\cp@tempcnt=\count269
)

! LaTeX Error: Option clash for package natbib.

See the LaTeX manual or LaTeX Companion for explanation.
Type  H <return>  for immediate help.
 ...                                              
                                                  
l.29 \bibpunct
              {}{}{,}{s}{}{;}
? 
Class revtex4-1 Info: Unrecognized LaTeX tabular. Please update this document c
lass! (Proceeding with fingers crossed.) on input line 81.

Class revtex4-1 Warning: Repair the float package.

Class revtex4-1 Info: cite was not loaded (OK!) on input line 81.
Class revtex4-1 Info: mcite was not loaded (OK!) on input line 81.
Class revtex4-1 Info: multicol was not loaded (OK!) on input line 81.
(/usr/share/texlive/texmf-dist/tex/latex/l3backend/l3backend-pdfmode.def
File: l3backend-pdfmode.def 2020-02-03 L3 backend support: PDF mode
\l__kernel_color_stack_int=\count270
\l__pdf_internal_box=\box64
)
(./enigma_rev5.aux

Package natbib Warning: Citation `Paine1966' multiply defined.


Package natbib Warning: Citation `Dunne2002' multiply defined.


Package natbib Warning: Citation `Pascual2006' multiply defined.


Package natbib Warning: Citation `Bascompte2013' multiply defined.


Package natbib Warning: Citation `May1972' multiply defined.


Package natbib Warning: Citation `Gross2009' multiply defined.


Package natbib Warning: Citation `Allesina2012' multiply defined.


Package natbib Warning: Citation `Montoya2003' multiply defined.


Package natbib Warning: Citation `Bascompte2009' multiply defined.


Package natbib Warning: Citation `Hubbell2001' multiply defined.


Package natbib Warning: Citation `Tilman2004' multiply defined.


Package natbib Warning: Citation `Fukami2015' multiply defined.


Package natbib Warning: Citation `Kraft2008' multiply defined.


Package natbib Warning: Citation `ODwyer2009' multiply defined.


Package natbib Warning: Citation `Brown2002' multiply defined.


Package natbib Warning: Citation `Piechnik2008' multiply defined.


Package natbib Warning: Citation `Fahimipour2014' multiply defined.


Package natbib Warning: Citation `Barbier2018' multiply defined.


Package natbib Warning: Citation `Campbell2011' multiply defined.


Package natbib Warning: Citation `Luh1993' multiply defined.


Package natbib Warning: Citation `Law1996' multiply defined.


Package natbib Warning: Citation `Valdovinos2010' multiply defined.


Package natbib Warning: Citation `RamosJiliberto2012' multiply defined.


Package natbib Warning: Citation `Valdovinos2016' multiply defined.


Package natbib Warning: Citation `Ponisio2019' multiply defined.


Package natbib Warning: Citation `Kefi2016' multiply defined.


Package natbib Warning: Citation `Pilosof2017' multiply defined.


Package natbib Warning: Citation `Odum1969' multiply defined.


Package natbib Warning: Citation `Jones1994' multiply defined.


Package natbib Warning: Citation `Olff2009' multiply defined.


Package natbib Warning: Citation `OdlingSmee2013' multiply defined.


Package natbib Warning: Citation `Leuthold1996' multiply defined.


Package natbib Warning: Citation `Haynes2012' multiply defined.


Package natbib Warning: Citation `Pringle2008' multiply defined.


Package natbib Warning: Citation `Reichman2002' multiply defined.


Package natbib Warning: Citation `Hagenah2013' multiply defined.


Package natbib Warning: Citation `Moore2006' multiply defined.


Package natbib Warning: Citation `Meyer2011' multiply defined.


Package natbib Warning: Citation `Hastings2007' multiply defined.


Package natbib Warning: Citation `Wright2006b' multiply defined.


Package natbib Warning: Citation `Jones2012' multiply defined.


Package natbib Warning: Citation `Erwin2008' multiply defined.


Package natbib Warning: Citation `Schirrmeister2013' multiply defined.


Package natbib Warning: Citation `Loladze2011' multiply defined.


Package natbib Warning: Citation `Woodward2010' multiply defined.


Package natbib Warning: Citation `Brose2012' multiply defined.


Package natbib Warning: Citation `Gibert2019b' multiply defined.


Package natbib Warning: Citation `Getz2011' multiply defined.


Package natbib Warning: Citation `Pillai2011' multiply defined.


Package natbib Warning: Citation `Bascompte2003' multiply defined.


Package natbib Warning: Citation `Gravel2011' multiply defined.


Package natbib Warning: Citation `Bronstein1994' multiply defined.


Package natbib Warning: Citation `Macarthur1964' multiply defined.


Package natbib Warning: Citation `Dykhuizen1980' multiply defined.


Package natbib Warning: Citation `Futuyma1988' multiply defined.


Package natbib Warning: Citation `Costa2015' multiply defined.


Package natbib Warning: Citation `Brown1994' multiply defined.


Package natbib Warning: Citation `Williams2000' multiply defined.


Package natbib Warning: Citation `Williams2002' multiply defined.


Package natbib Warning: Citation `Lafferty2006' multiply defined.


Package natbib Warning: Citation `Turney2016' multiply defined.


Package natbib Warning: Citation `Bascompte2006' multiply defined.


Package natbib Warning: Citation `Guimaraes2006' multiply defined.


Package natbib Warning: Citation `Araujo2010' multiply defined.


Package natbib Warning: Citation `Rohr2014' multiply defined.


Package natbib Warning: Citation `Valdovinos2019' multiply defined.


Package natbib Warning: Citation `Krishna2008' multiply defined.


Package natbib Warning: Citation `Guimaraes2017' multiply defined.


Package natbib Warning: Citation `Stouffer2011' multiply defined.


Package natbib Warning: Citation `Gilarranz2017' multiply defined.


Package natbib Warning: Citation `Pires2011' multiply defined.


Package natbib Warning: Citation `Massol2011' multiply defined.


Package natbib Warning: Citation `Yeakel2013' multiply defined.


Package natbib Warning: Citation `Bond1994' multiply defined.


Package natbib Warning: Citation `Colwell2012' multiply defined.


Package natbib Warning: Citation `DiazCastelazo2013' multiply defined.


Package natbib Warning: Citation `Vieira2015' multiply defined.


Package natbib Warning: Citation `Ponisio2017' multiply defined.


Package natbib Warning: Citation `Laland2015' multiply defined.


Package natbib Warning: Citation `Gupta2017' multiply defined.


Package natbib Warning: Citation `Feldman2017' multiply defined.


Package natbib Warning: Citation `Cuddington2004' multiply defined.


Package natbib Warning: Citation `Wright2004' multiply defined.


Package natbib Warning: Citation `Kylafis2008' multiply defined.


Package natbib Warning: Citation `Krakauer2009' multiply defined.


Package natbib Warning: Citation `Laland1999' multiply defined.


Package natbib Warning: Citation `Kallus2017' multiply defined.


Package natbib Warning: Citation `Butler2018' multiply defined.


Package natbib Warning: Citation `Amundson2015' multiply defined.


Package natbib Warning: Citation `Gutierrez2006' multiply defined.


Package natbib Warning: Citation `Jouquet2006' multiply defined.


Package natbib Warning: Citation `Shipway2019' multiply defined.


Package natbib Warning: Citation `Lawton1994' multiply defined.


Package natbib Warning: Citation `OdlingSmee2013b' multiply defined.


Package natbib Warning: Citation `Kidwell1986' multiply defined.


Package natbib Warning: Citation `Polz2013' multiply defined.


Package natbib Warning: Citation `Corlett2015' multiply defined.


Package natbib Warning: Citation `Gillespie1977' multiply defined.


Package natbib Warning: Citation `Cantor2017' multiply defined.

)
\openout1 = `enigma_rev5.aux'.

LaTeX Font Info:    Checking defaults for OML/cmm/m/it on input line 81.
LaTeX Font Info:    ... okay on input line 81.
LaTeX Font Info:    Checking defaults for OMS/cmsy/m/n on input line 81.
LaTeX Font Info:    ... okay on input line 81.
LaTeX Font Info:    Checking defaults for OT1/cmr/m/n on input line 81.
LaTeX Font Info:    ... okay on input line 81.
LaTeX Font Info:    Checking defaults for T1/cmr/m/n on input line 81.
LaTeX Font Info:    ... okay on input line 81.
LaTeX Font Info:    Checking defaults for TS1/cmr/m/n on input line 81.
LaTeX Font Info:    ... okay on input line 81.
LaTeX Font Info:    Checking defaults for OMX/cmex/m/n on input line 81.
LaTeX Font Info:    ... okay on input line 81.
LaTeX Font Info:    Checking defaults for U/cmr/m/n on input line 81.
LaTeX Font Info:    ... okay on input line 81.
 (/usr/share/texlive/texmf-dist/tex/context/base/mkii/supp-pdf.mkii
[Loading MPS to PDF converter (version 2006.09.02).]
\scratchcounter=\count271
\scratchdimen=\dimen155
\scratchbox=\box65
\nofMPsegments=\count272
\nofMParguments=\count273
\everyMPshowfont=\toks27
\MPscratchCnt=\count274
\MPscratchDim=\dimen156
\MPnumerator=\count275
\makeMPintoPDFobject=\count276
\everyMPtoPDFconversion=\toks28
) (/usr/share/texlive/texmf-dist/tex/latex/epstopdf-pkg/epstopdf-base.sty
Package: epstopdf-base 2020-01-24 v2.11 Base part for package epstopdf
Package epstopdf-base Info: Redefining graphics rule for `.eps' on input line 4
85.

(/usr/share/texlive/texmf-dist/tex/latex/latexconfig/epstopdf-sys.cfg
File: epstopdf-sys.cfg 2010/07/13 v1.3 Configuration of (r)epstopdf for TeX Liv
e
))
\openout3 = `enigma_rev5Notes.bib'.


(/usr/share/texlive/texmf-dist/tex/latex/lineno/lineno.sty
Package: lineno 2005/11/02 line numbers on paragraphs v4.41
\linenopenalty=\count277
\output=\toks29
\linenoprevgraf=\count278
\linenumbersep=\dimen157
\linenumberwidth=\dimen158
\c@linenumber=\count279
\c@pagewiselinenumber=\count280
\c@LN@truepage=\count281
\c@internallinenumber=\count282
\c@internallinenumbers=\count283
\quotelinenumbersep=\dimen159
\bframerule=\dimen160
\bframesep=\dimen161
\bframebox=\box66
LaTeX Info: Redefining \\ on input line 3056.
)
LaTeX Font Info:    Trying to load font information for T1+cmss on input line 1
10.

(/usr/share/texlive/texmf-dist/tex/latex/base/t1cmss.fd
File: t1cmss.fd 2019/12/16 v2.5j Standard LaTeX font definitions
)
LaTeX Font Info:    Trying to load font information for U+msa on input line 110
.

(/usr/share/texlive/texmf-dist/tex/latex/amsfonts/umsa.fd
File: umsa.fd 2013/01/14 v3.01 AMS symbols A
)
LaTeX Font Info:    Trying to load font information for U+msb on input line 110
.

(/usr/share/texlive/texmf-dist/tex/latex/amsfonts/umsb.fd
File: umsb.fd 2013/01/14 v3.01 AMS symbols B
)
LaTeX Font Info:    Trying to load font information for U+stmry on input line 1
10.

(/usr/share/texlive/texmf-dist/tex/latex/stmaryrd/Ustmry.fd) [1{/var/lib/texmf/
fonts/map/pdftex/updmap/pdftex.map}]
Underfull \hbox (badness 1112) in paragraph at lines 201--214
\T1/cmr/m/n/10 mul-ti-type in-ter-ac-tions and ecosys-tem en-gi-neer-ing in
 []


Underfull \hbox (badness 10000) in paragraph at lines 201--214

 []

[2]

Package natbib Warning: Citation `Kones2009' on page 3 undefined on input line 
272.


Underfull \hbox (badness 10000) in paragraph at lines 278--282

 []


Underfull \hbox (badness 1087) in paragraph at lines 287--294
\T1/cmr/m/n/10 ag-ing behaviors$[]$ and neu-tral processes$[]$, and
 []

[3]
Underfull \hbox (badness 10000) in paragraph at lines 319--327

 []

[4]
Underfull \hbox (badness 2970) in paragraph at lines 436--442
[]\T1/cmr/m/n/10 Communities lack-ing re-dun-dant en-gi-neer-ing have
 []


Underfull \hbox (badness 1668) in paragraph at lines 436--442
\T1/cmr/m/n/10 lower species rich-ness be-cause species' trophic and
 []


Underfull \hbox (badness 3138) in paragraph at lines 436--442
\T1/cmr/m/n/10 a given as-sem-blage (Sup-ple-men-tary Fig-ure 10c,d).
 []


Underfull \hbox (badness 1668) in paragraph at lines 436--442
\T1/cmr/m/n/10 Col-o-niza-tion oc-curs only when trophic and ser-vice
 []


Underfull \hbox (badness 10000) in paragraph at lines 436--442

 []


Underfull \hbox (badness 2503) in paragraph at lines 446--451
[]\T1/cmr/m/n/10 We have shown that sim-ple process-based rules
 []


Underfull \hbox (badness 3158) in paragraph at lines 446--451
\T1/cmr/m/n/10 gov-ern-ing the as-sem-bly of species with mul-ti-type
 []


Underfull \hbox (badness 1490) in paragraph at lines 446--451
\T1/cmr/m/n/10 in-ter-ac-tions can pro-duce com-mu-ni-ties with re-al-is-tic
 []


Underfull \hbox (badness 1092) in paragraph at lines 446--451
\T1/cmr/m/n/10 that low lev-els of en-gi-neer-ing may be ex-pected to
 []


Underfull \hbox (badness 10000) in paragraph at lines 446--451

 []

[5]
Underfull \hbox (badness 10000) in paragraph at lines 518--526

 []

[6]
Underfull \hbox (badness 10000) in paragraph at lines 529--530

 []

[7]
Underfull \hbox (badness 10000) in paragraph at lines 622--622

 []

[8] [9] (./enigma_rev5.bbl [10] [11] [12])
Underfull \hbox (badness 10000) in paragraph at lines 1393--1417

 []


Underfull \hbox (badness 10000) in paragraph at lines 1393--1417

 []


Underfull \hbox (badness 10000) in paragraph at lines 1418--1426

 []

[13]

Package natbib Warning: There were undefined citations.


Package natbib Warning: There were multiply defined citations.

(./enigma_rev5.aux

Package natbib Warning: Citation(s) may have changed.
(natbib)                Rerun to get citations correct.

) ) 
Here is how much of TeX's memory you used:
 6709 strings out of 481239
 91360 string characters out of 5920377
 367341 words of memory out of 5000000
 21847 multiletter control sequences out of 15000+600000
 556821 words of font info for 89 fonts, out of 8000000 for 9000
 1141 hyphenation exceptions out of 8191
 38i,7n,35p,1465b,909s stack positions out of 5000i,500n,10000p,200000b,80000s
{/usr/share/texmf/fonts/enc/dvips/cm-super/cm-super-t1.enc}</usr/share/texli
ve/texmf-dist/fonts/type1/public/amsfonts/cmextra/cmex8.pfb></usr/share/texlive
/texmf-dist/fonts/type1/public/amsfonts/cm/cmmi10.pfb></usr/share/texlive/texmf
-dist/fonts/type1/public/amsfonts/cm/cmmi6.pfb></usr/share/texlive/texmf-dist/f
onts/type1/public/amsfonts/cm/cmmi7.pfb></usr/share/texlive/texmf-dist/fonts/ty
pe1/public/amsfonts/cm/cmmi8.pfb></usr/share/texlive/texmf-dist/fonts/type1/pub
lic/amsfonts/cm/cmmi9.pfb></usr/share/texlive/texmf-dist/fonts/type1/public/ams
fonts/cm/cmr10.pfb></usr/share/texlive/texmf-dist/fonts/type1/public/amsfonts/c
m/cmr6.pfb></usr/share/texlive/texmf-dist/fonts/type1/public/amsfonts/cm/cmr7.p
fb></usr/share/texlive/texmf-dist/fonts/type1/public/amsfonts/cm/cmr8.pfb></usr
/share/texlive/texmf-dist/fonts/type1/public/amsfonts/cm/cmr9.pfb></usr/share/t
exlive/texmf-dist/fonts/type1/public/amsfonts/cm/cmsy10.pfb></usr/share/texlive
/texmf-dist/fonts/type1/public/amsfonts/cm/cmsy6.pfb></usr/share/texlive/texmf-
dist/fonts/type1/public/amsfonts/cm/cmsy7.pfb></usr/share/texlive/texmf-dist/fo
nts/type1/public/amsfonts/cm/cmsy8.pfb></usr/share/texlive/texmf-dist/fonts/typ
e1/public/amsfonts/cm/cmsy9.pfb></usr/share/texmf/fonts/type1/public/cm-super/s
fbx0700.pfb></usr/share/texmf/fonts/type1/public/cm-super/sfbx0800.pfb></usr/sh
are/texmf/fonts/type1/public/cm-super/sfbx0900.pfb></usr/share/texmf/fonts/type
1/public/cm-super/sfbx1000.pfb></usr/share/texmf/fonts/type1/public/cm-super/sf
bx1200.pfb></usr/share/texmf/fonts/type1/public/cm-super/sfrm0600.pfb></usr/sha
re/texmf/fonts/type1/public/cm-super/sfrm0700.pfb></usr/share/texmf/fonts/type1
/public/cm-super/sfrm0800.pfb></usr/share/texmf/fonts/type1/public/cm-super/sfr
m0900.pfb></usr/share/texmf/fonts/type1/public/cm-super/sfrm1000.pfb></usr/shar
e/texmf/fonts/type1/public/cm-super/sfss0500.pfb></usr/share/texmf/fonts/type1/
public/cm-super/sfti0900.pfb></usr/share/texmf/fonts/type1/public/cm-super/sfti
1000.pfb>
Output written on enigma_rev5.pdf (13 pages, 488716 bytes).
PDF statistics:
 165 PDF objects out of 1000 (max. 8388607)
 119 compressed objects within 2 object streams
 0 named destinations out of 1000 (max. 500000)
 1 words of extra memory for PDF output out of 10000 (max. 10000000)

